
*** Running vivado
    with args -log gray_FSM.vdi -applog -m64 -product Vivado -messageDb vivado.pb -mode batch -source gray_FSM.tcl -notrace


****** Vivado v2022.2 (64-bit)
  **** SW Build 3671981 on Fri Oct 14 04:59:54 MDT 2022
  **** IP Build 3669848 on Fri Oct 14 08:30:02 MDT 2022
    ** Copyright 1986-2022 Xilinx, Inc. All Rights Reserved.

source gray_FSM.tcl -notrace
Command: link_design -top gray_FSM -part xc7z020clg400-1
Design is defaulting to srcset: sources_1
Design is defaulting to constrset: constrs_1
INFO: [Device 21-403] Loading part xc7z020clg400-1
Netlist sorting complete. Time (s): cpu = 00:00:00 ; elapsed = 00:00:00 . Memory (MB): peak = 2362.703 ; gain = 0.000 ; free physical = 23211 ; free virtual = 29003
INFO: [Project 1-479] Netlist was created with Vivado 2022.2
INFO: [Project 1-570] Preparing netlist for logic optimization
Netlist sorting complete. Time (s): cpu = 00:00:00 ; elapsed = 00:00:00 . Memory (MB): peak = 2431.484 ; gain = 0.000 ; free physical = 23117 ; free virtual = 28909
INFO: [Project 1-111] Unisim Transformation Summary:
No Unisim elements were transformed.

4 Infos, 0 Warnings, 0 Critical Warnings and 0 Errors encountered.
link_design completed successfully
Command: opt_design
Attempting to get a license for feature 'Implementation' and/or device 'xc7z020'
INFO: [Common 17-349] Got license for feature 'Implementation' and/or device 'xc7z020'
Running DRC as a precondition to command opt_design

Starting DRC Task
INFO: [DRC 23-27] Running DRC with 8 threads
INFO: [Project 1-461] DRC finished with 0 Errors
INFO: [Project 1-462] Please refer to the DRC report (report_drc) for more information.

Time (s): cpu = 00:00:00.64 ; elapsed = 00:00:00.42 . Memory (MB): peak = 2547.109 ; gain = 87.812 ; free physical = 23100 ; free virtual = 28893

Starting Cache Timing Information Task
INFO: [Timing 38-35] Done setting XDC timing constraints.
Ending Cache Timing Information Task | Checksum: 6149a1b2

Time (s): cpu = 00:00:04 ; elapsed = 00:00:04 . Memory (MB): peak = 2982.969 ; gain = 435.859 ; free physical = 22705 ; free virtual = 28511

Starting Logic Optimization Task

Phase 1 Retarget
INFO: [Opt 31-138] Pushed 0 inverter(s) to 0 load pin(s).
INFO: [Opt 31-49] Retargeted 0 cell(s).
Phase 1 Retarget | Checksum: 6149a1b2

Time (s): cpu = 00:00:00.01 ; elapsed = 00:00:00.02 . Memory (MB): peak = 3261.859 ; gain = 0.000 ; free physical = 22465 ; free virtual = 28271
INFO: [Opt 31-389] Phase Retarget created 0 cells and removed 0 cells

Phase 2 Constant propagation
INFO: [Opt 31-138] Pushed 0 inverter(s) to 0 load pin(s).
Phase 2 Constant propagation | Checksum: 6149a1b2

Time (s): cpu = 00:00:00.01 ; elapsed = 00:00:00.02 . Memory (MB): peak = 3261.859 ; gain = 0.000 ; free physical = 22465 ; free virtual = 28271
INFO: [Opt 31-389] Phase Constant propagation created 0 cells and removed 0 cells

Phase 3 Sweep
Phase 3 Sweep | Checksum: 6fe0c009

Time (s): cpu = 00:00:00.01 ; elapsed = 00:00:00.02 . Memory (MB): peak = 3261.859 ; gain = 0.000 ; free physical = 22465 ; free virtual = 28271
INFO: [Opt 31-389] Phase Sweep created 1 cells and removed 0 cells

Phase 4 BUFG optimization
Phase 4 BUFG optimization | Checksum: 6fe0c009

Time (s): cpu = 00:00:00.02 ; elapsed = 00:00:00.02 . Memory (MB): peak = 3293.875 ; gain = 32.016 ; free physical = 22465 ; free virtual = 28271
INFO: [Opt 31-662] Phase BUFG optimization created 0 cells of which 0 are BUFGs and removed 0 cells.

Phase 5 Shift Register Optimization
INFO: [Opt 31-1064] SRL Remap converted 0 SRLs to 0 registers and converted 0 registers of register chains to 0 SRLs
Phase 5 Shift Register Optimization | Checksum: 6fe0c009

Time (s): cpu = 00:00:00.02 ; elapsed = 00:00:00.02 . Memory (MB): peak = 3293.875 ; gain = 32.016 ; free physical = 22465 ; free virtual = 28271
INFO: [Opt 31-389] Phase Shift Register Optimization created 0 cells and removed 0 cells

Phase 6 Post Processing Netlist
Phase 6 Post Processing Netlist | Checksum: 6fe0c009

Time (s): cpu = 00:00:00.02 ; elapsed = 00:00:00.02 . Memory (MB): peak = 3293.875 ; gain = 32.016 ; free physical = 22465 ; free virtual = 28271
INFO: [Opt 31-389] Phase Post Processing Netlist created 0 cells and removed 0 cells
Opt_design Change Summary
=========================


-------------------------------------------------------------------------------------------------------------------------
|  Phase                        |  #Cells created  |  #Cells Removed  |  #Constrained objects preventing optimizations  |
-------------------------------------------------------------------------------------------------------------------------
|  Retarget                     |               0  |               0  |                                              0  |
|  Constant propagation         |               0  |               0  |                                              0  |
|  Sweep                        |               1  |               0  |                                              0  |
|  BUFG optimization            |               0  |               0  |                                              0  |
|  Shift Register Optimization  |               0  |               0  |                                              0  |
|  Post Processing Netlist      |               0  |               0  |                                              0  |
-------------------------------------------------------------------------------------------------------------------------



Starting Connectivity Check Task

Time (s): cpu = 00:00:00 ; elapsed = 00:00:00 . Memory (MB): peak = 3293.875 ; gain = 0.000 ; free physical = 22465 ; free virtual = 28271
Ending Logic Optimization Task | Checksum: f7fb2e1e

Time (s): cpu = 00:00:00.02 ; elapsed = 00:00:00.02 . Memory (MB): peak = 3293.875 ; gain = 32.016 ; free physical = 22465 ; free virtual = 28271

Starting Power Optimization Task
INFO: [Pwropt 34-132] Skipping clock gating for clocks with a period < 2.00 ns.
Ending Power Optimization Task | Checksum: f7fb2e1e

Time (s): cpu = 00:00:00 ; elapsed = 00:00:00 . Memory (MB): peak = 3293.875 ; gain = 0.000 ; free physical = 22465 ; free virtual = 28271

Starting Final Cleanup Task
Ending Final Cleanup Task | Checksum: f7fb2e1e

Time (s): cpu = 00:00:00 ; elapsed = 00:00:00 . Memory (MB): peak = 3293.875 ; gain = 0.000 ; free physical = 22465 ; free virtual = 28271

Starting Netlist Obfuscation Task
Netlist sorting complete. Time (s): cpu = 00:00:00 ; elapsed = 00:00:00 . Memory (MB): peak = 3293.875 ; gain = 0.000 ; free physical = 22465 ; free virtual = 28271
Ending Netlist Obfuscation Task | Checksum: f7fb2e1e

Time (s): cpu = 00:00:00 ; elapsed = 00:00:00 . Memory (MB): peak = 3293.875 ; gain = 0.000 ; free physical = 22465 ; free virtual = 28271
INFO: [Common 17-83] Releasing license: Implementation
21 Infos, 0 Warnings, 0 Critical Warnings and 0 Errors encountered.
opt_design completed successfully
opt_design: Time (s): cpu = 00:00:06 ; elapsed = 00:00:07 . Memory (MB): peak = 3293.875 ; gain = 834.578 ; free physical = 22465 ; free virtual = 28271
INFO: [Common 17-1381] The checkpoint '/users/btech/rohitv23/assignment3_monday1/assignment3_monday1.runs/impl_1/gray_FSM_opt.dcp' has been generated.
INFO: [runtcl-4] Executing : report_drc -file gray_FSM_drc_opted.rpt -pb gray_FSM_drc_opted.pb -rpx gray_FSM_drc_opted.rpx
Command: report_drc -file gray_FSM_drc_opted.rpt -pb gray_FSM_drc_opted.pb -rpx gray_FSM_drc_opted.rpx
INFO: [IP_Flow 19-234] Refreshing IP repositories
INFO: [IP_Flow 19-1704] No user IP repositories specified
INFO: [IP_Flow 19-2313] Loaded Vivado IP repository '/tools/Xilinx/Vivado/2022.2/data/ip'.
INFO: [DRC 23-27] Running DRC with 8 threads
INFO: [Vivado_Tcl 2-168] The results of DRC are in file /users/btech/rohitv23/assignment3_monday1/assignment3_monday1.runs/impl_1/gray_FSM_drc_opted.rpt.
report_drc completed successfully
Command: place_design
Attempting to get a license for feature 'Implementation' and/or device 'xc7z020'
INFO: [Common 17-349] Got license for feature 'Implementation' and/or device 'xc7z020'
INFO: [DRC 23-27] Running DRC with 8 threads
INFO: [Vivado_Tcl 4-198] DRC finished with 0 Errors
INFO: [Vivado_Tcl 4-199] Please refer to the DRC report (report_drc) for more information.
Running DRC as a precondition to command place_design
INFO: [DRC 23-27] Running DRC with 8 threads
INFO: [Vivado_Tcl 4-198] DRC finished with 0 Errors
INFO: [Vivado_Tcl 4-199] Please refer to the DRC report (report_drc) for more information.

Starting Placer Task
INFO: [Place 30-611] Multithreading enabled for place_design using a maximum of 8 CPUs

Phase 1 Placer Initialization

Phase 1.1 Placer Initialization Netlist Sorting
Netlist sorting complete. Time (s): cpu = 00:00:00 ; elapsed = 00:00:00 . Memory (MB): peak = 3397.926 ; gain = 0.000 ; free physical = 22415 ; free virtual = 28223
Phase 1.1 Placer Initialization Netlist Sorting | Checksum: 3ba64bbd

Time (s): cpu = 00:00:00 ; elapsed = 00:00:00.05 . Memory (MB): peak = 3397.926 ; gain = 0.000 ; free physical = 22415 ; free virtual = 28223
Netlist sorting complete. Time (s): cpu = 00:00:00 ; elapsed = 00:00:00 . Memory (MB): peak = 3397.926 ; gain = 0.000 ; free physical = 22415 ; free virtual = 28223

Phase 1.2 IO Placement/ Clock Placement/ Build Placer Device
INFO: [Timing 38-35] Done setting XDC timing constraints.
Phase 1.2 IO Placement/ Clock Placement/ Build Placer Device | Checksum: b81885c3

Time (s): cpu = 00:00:00.39 ; elapsed = 00:00:00.16 . Memory (MB): peak = 3397.926 ; gain = 0.000 ; free physical = 22398 ; free virtual = 28208

Phase 1.3 Build Placer Netlist Model
Phase 1.3 Build Placer Netlist Model | Checksum: 17e8278b4

Time (s): cpu = 00:00:00.48 ; elapsed = 00:00:00.17 . Memory (MB): peak = 3397.926 ; gain = 0.000 ; free physical = 22398 ; free virtual = 28209

Phase 1.4 Constrain Clocks/Macros
Phase 1.4 Constrain Clocks/Macros | Checksum: 17e8278b4

Time (s): cpu = 00:00:00.49 ; elapsed = 00:00:00.18 . Memory (MB): peak = 3397.926 ; gain = 0.000 ; free physical = 22398 ; free virtual = 28209
Phase 1 Placer Initialization | Checksum: 17e8278b4

Time (s): cpu = 00:00:00.49 ; elapsed = 00:00:00.18 . Memory (MB): peak = 3397.926 ; gain = 0.000 ; free physical = 22397 ; free virtual = 28209

Phase 2 Global Placement

Phase 2.1 Floorplanning
Phase 2.1 Floorplanning | Checksum: 17e8278b4

Time (s): cpu = 00:00:00.49 ; elapsed = 00:00:00.18 . Memory (MB): peak = 3397.926 ; gain = 0.000 ; free physical = 22396 ; free virtual = 28208

Phase 2.2 Update Timing before SLR Path Opt
Phase 2.2 Update Timing before SLR Path Opt | Checksum: 17e8278b4

Time (s): cpu = 00:00:00.49 ; elapsed = 00:00:00.18 . Memory (MB): peak = 3397.926 ; gain = 0.000 ; free physical = 22396 ; free virtual = 28208

Phase 2.3 Post-Processing in Floorplanning
Phase 2.3 Post-Processing in Floorplanning | Checksum: 17e8278b4

Time (s): cpu = 00:00:00.49 ; elapsed = 00:00:00.18 . Memory (MB): peak = 3397.926 ; gain = 0.000 ; free physical = 22396 ; free virtual = 28208

Phase 2.4 Global Placement Core
WARNING: [Place 46-29] Timing had been disabled during Placer and, therefore, physical synthesis in Placer will be skipped.
Phase 2.4 Global Placement Core | Checksum: 1725bd985

Time (s): cpu = 00:00:01 ; elapsed = 00:00:00.31 . Memory (MB): peak = 3397.926 ; gain = 0.000 ; free physical = 22352 ; free virtual = 28165
Phase 2 Global Placement | Checksum: 1725bd985

Time (s): cpu = 00:00:01 ; elapsed = 00:00:00.31 . Memory (MB): peak = 3397.926 ; gain = 0.000 ; free physical = 22352 ; free virtual = 28165

Phase 3 Detail Placement

Phase 3.1 Commit Multi Column Macros
Phase 3.1 Commit Multi Column Macros | Checksum: 1725bd985

Time (s): cpu = 00:00:01 ; elapsed = 00:00:00.32 . Memory (MB): peak = 3397.926 ; gain = 0.000 ; free physical = 22352 ; free virtual = 28165

Phase 3.2 Commit Most Macros & LUTRAMs
Phase 3.2 Commit Most Macros & LUTRAMs | Checksum: 17a6ad121

Time (s): cpu = 00:00:02 ; elapsed = 00:00:00.32 . Memory (MB): peak = 3397.926 ; gain = 0.000 ; free physical = 22353 ; free virtual = 28166

Phase 3.3 Area Swap Optimization
Phase 3.3 Area Swap Optimization | Checksum: 171cdf36f

Time (s): cpu = 00:00:02 ; elapsed = 00:00:00.32 . Memory (MB): peak = 3397.926 ; gain = 0.000 ; free physical = 22353 ; free virtual = 28166

Phase 3.4 Pipeline Register Optimization
Phase 3.4 Pipeline Register Optimization | Checksum: 171cdf36f

Time (s): cpu = 00:00:02 ; elapsed = 00:00:00.32 . Memory (MB): peak = 3397.926 ; gain = 0.000 ; free physical = 22353 ; free virtual = 28166

Phase 3.5 Small Shape Detail Placement
Phase 3.5 Small Shape Detail Placement | Checksum: 1aec5a91a

Time (s): cpu = 00:00:02 ; elapsed = 00:00:00.38 . Memory (MB): peak = 3397.926 ; gain = 0.000 ; free physical = 22347 ; free virtual = 28160

Phase 3.6 Re-assign LUT pins
Phase 3.6 Re-assign LUT pins | Checksum: 1aec5a91a

Time (s): cpu = 00:00:02 ; elapsed = 00:00:00.38 . Memory (MB): peak = 3397.926 ; gain = 0.000 ; free physical = 22347 ; free virtual = 28160

Phase 3.7 Pipeline Register Optimization
Phase 3.7 Pipeline Register Optimization | Checksum: 1aec5a91a

Time (s): cpu = 00:00:02 ; elapsed = 00:00:00.38 . Memory (MB): peak = 3397.926 ; gain = 0.000 ; free physical = 22347 ; free virtual = 28160
Phase 3 Detail Placement | Checksum: 1aec5a91a

Time (s): cpu = 00:00:02 ; elapsed = 00:00:00.38 . Memory (MB): peak = 3397.926 ; gain = 0.000 ; free physical = 22347 ; free virtual = 28160

Phase 4 Post Placement Optimization and Clean-Up

Phase 4.1 Post Commit Optimization
Phase 4.1 Post Commit Optimization | Checksum: 1aec5a91a

Time (s): cpu = 00:00:02 ; elapsed = 00:00:00.4 . Memory (MB): peak = 3397.926 ; gain = 0.000 ; free physical = 22347 ; free virtual = 28160

Phase 4.2 Post Placement Cleanup
Phase 4.2 Post Placement Cleanup | Checksum: 1aec5a91a

Time (s): cpu = 00:00:02 ; elapsed = 00:00:00.4 . Memory (MB): peak = 3397.926 ; gain = 0.000 ; free physical = 22349 ; free virtual = 28162

Phase 4.3 Placer Reporting

Phase 4.3.1 Print Estimated Congestion
INFO: [Place 30-612] Post-Placement Estimated Congestion 
 ____________________________________________________
|           | Global Congestion | Short Congestion  |
| Direction | Region Size       | Region Size       |
|___________|___________________|___________________|
|      North|                1x1|                1x1|
|___________|___________________|___________________|
|      South|                1x1|                1x1|
|___________|___________________|___________________|
|       East|                1x1|                1x1|
|___________|___________________|___________________|
|       West|                1x1|                1x1|
|___________|___________________|___________________|

Phase 4.3.1 Print Estimated Congestion | Checksum: 1aec5a91a

Time (s): cpu = 00:00:02 ; elapsed = 00:00:00.4 . Memory (MB): peak = 3397.926 ; gain = 0.000 ; free physical = 22349 ; free virtual = 28162
Phase 4.3 Placer Reporting | Checksum: 1aec5a91a

Time (s): cpu = 00:00:02 ; elapsed = 00:00:00.4 . Memory (MB): peak = 3397.926 ; gain = 0.000 ; free physical = 22349 ; free virtual = 28162

Phase 4.4 Final Placement Cleanup
Netlist sorting complete. Time (s): cpu = 00:00:00 ; elapsed = 00:00:00 . Memory (MB): peak = 3397.926 ; gain = 0.000 ; free physical = 22349 ; free virtual = 28162

Time (s): cpu = 00:00:02 ; elapsed = 00:00:00.4 . Memory (MB): peak = 3397.926 ; gain = 0.000 ; free physical = 22349 ; free virtual = 28162
Phase 4 Post Placement Optimization and Clean-Up | Checksum: 1aec5a91a

Time (s): cpu = 00:00:02 ; elapsed = 00:00:00.4 . Memory (MB): peak = 3397.926 ; gain = 0.000 ; free physical = 22349 ; free virtual = 28162
Ending Placer Task | Checksum: 10ded9443

Time (s): cpu = 00:00:02 ; elapsed = 00:00:00.4 . Memory (MB): peak = 3397.926 ; gain = 0.000 ; free physical = 22349 ; free virtual = 28162
INFO: [Common 17-83] Releasing license: Implementation
39 Infos, 1 Warnings, 0 Critical Warnings and 0 Errors encountered.
place_design completed successfully
Writing XDEF routing.
Writing XDEF routing logical nets.
Writing XDEF routing special nets.
Write XDEF Complete: Time (s): cpu = 00:00:00.07 ; elapsed = 00:00:00.09 . Memory (MB): peak = 3397.926 ; gain = 0.000 ; free physical = 22371 ; free virtual = 28185
INFO: [Common 17-1381] The checkpoint '/users/btech/rohitv23/assignment3_monday1/assignment3_monday1.runs/impl_1/gray_FSM_placed.dcp' has been generated.
INFO: [runtcl-4] Executing : report_io -file gray_FSM_io_placed.rpt
report_io: Time (s): cpu = 00:00:00.08 ; elapsed = 00:00:00.11 . Memory (MB): peak = 3397.926 ; gain = 0.000 ; free physical = 22358 ; free virtual = 28172
INFO: [runtcl-4] Executing : report_utilization -file gray_FSM_utilization_placed.rpt -pb gray_FSM_utilization_placed.pb
INFO: [runtcl-4] Executing : report_control_sets -verbose -file gray_FSM_control_sets_placed.rpt
report_control_sets: Time (s): cpu = 00:00:00.03 ; elapsed = 00:00:00.07 . Memory (MB): peak = 3397.926 ; gain = 0.000 ; free physical = 22371 ; free virtual = 28185
Command: phys_opt_design
Attempting to get a license for feature 'Implementation' and/or device 'xc7z020'
INFO: [Common 17-349] Got license for feature 'Implementation' and/or device 'xc7z020'

Starting Initial Update Timing Task

Time (s): cpu = 00:00:00.01 ; elapsed = 00:00:00.01 . Memory (MB): peak = 3397.926 ; gain = 0.000 ; free physical = 22347 ; free virtual = 28161
INFO: [Vivado_Tcl 4-235] No timing constraint found. The netlist was not modified.
INFO: [Common 17-83] Releasing license: Implementation
46 Infos, 1 Warnings, 0 Critical Warnings and 0 Errors encountered.
phys_opt_design completed successfully
Writing XDEF routing.
Writing XDEF routing logical nets.
Writing XDEF routing special nets.
Write XDEF Complete: Time (s): cpu = 00:00:00.04 ; elapsed = 00:00:00.05 . Memory (MB): peak = 3397.926 ; gain = 0.000 ; free physical = 22344 ; free virtual = 28158
INFO: [Common 17-1381] The checkpoint '/users/btech/rohitv23/assignment3_monday1/assignment3_monday1.runs/impl_1/gray_FSM_physopt.dcp' has been generated.
Command: route_design
Attempting to get a license for feature 'Implementation' and/or device 'xc7z020'
INFO: [Common 17-349] Got license for feature 'Implementation' and/or device 'xc7z020'
Running DRC as a precondition to command route_design
INFO: [DRC 23-27] Running DRC with 8 threads
INFO: [Vivado_Tcl 4-198] DRC finished with 0 Errors
INFO: [Vivado_Tcl 4-199] Please refer to the DRC report (report_drc) for more information.


Starting Routing Task
INFO: [Route 35-254] Multithreading enabled for route_design using a maximum of 8 CPUs

Phase 1 Build RT Design
Checksum: PlaceDB: d2474886 ConstDB: 0 ShapeSum: 3ba64bbd RouteDB: 0
Post Restoration Checksum: NetGraph: f2bb5754 NumContArr: ba49174a Constraints: 0 Timing: 0
Phase 1 Build RT Design | Checksum: 1ad046e9e

Time (s): cpu = 00:00:12 ; elapsed = 00:00:11 . Memory (MB): peak = 3492.180 ; gain = 46.691 ; free physical = 22199 ; free virtual = 28014

Phase 2 Router Initialization
INFO: [Route 35-64] No timing constraints were detected. The router will operate in resource-optimization mode.

Phase 2.1 Fix Topology Constraints
Phase 2.1 Fix Topology Constraints | Checksum: 1ad046e9e

Time (s): cpu = 00:00:12 ; elapsed = 00:00:11 . Memory (MB): peak = 3524.180 ; gain = 78.691 ; free physical = 22168 ; free virtual = 27984

Phase 2.2 Pre Route Cleanup
Phase 2.2 Pre Route Cleanup | Checksum: 1ad046e9e

Time (s): cpu = 00:00:12 ; elapsed = 00:00:11 . Memory (MB): peak = 3524.180 ; gain = 78.691 ; free physical = 22168 ; free virtual = 27984
 Number of Nodes with overlaps = 0

Router Utilization Summary
  Global Vertical Routing Utilization    = 0 %
  Global Horizontal Routing Utilization  = 0 %
  Routable Net Status*
  *Does not include unroutable nets such as driverless and loadless.
  Run report_route_status for detailed report.
  Number of Failed Nets               = 13
    (Failed Nets is the sum of unrouted and partially routed nets)
  Number of Unrouted Nets             = 13
  Number of Partially Routed Nets     = 0
  Number of Node Overlaps             = 0

Phase 2 Router Initialization | Checksum: 15446268d

Time (s): cpu = 00:00:13 ; elapsed = 00:00:11 . Memory (MB): peak = 3546.242 ; gain = 100.754 ; free physical = 22154 ; free virtual = 27970

Phase 3 Initial Routing

Phase 3.1 Global Routing
Phase 3.1 Global Routing | Checksum: 15446268d

Time (s): cpu = 00:00:13 ; elapsed = 00:00:11 . Memory (MB): peak = 3546.242 ; gain = 100.754 ; free physical = 22154 ; free virtual = 27970
Phase 3 Initial Routing | Checksum: 15b7852c5

Time (s): cpu = 00:00:13 ; elapsed = 00:00:11 . Memory (MB): peak = 3546.242 ; gain = 100.754 ; free physical = 22157 ; free virtual = 27973

Phase 4 Rip-up And Reroute

Phase 4.1 Global Iteration 0
 Number of Nodes with overlaps = 0
Phase 4.1 Global Iteration 0 | Checksum: 193edf25a

Time (s): cpu = 00:00:13 ; elapsed = 00:00:11 . Memory (MB): peak = 3546.242 ; gain = 100.754 ; free physical = 22157 ; free virtual = 27973
Phase 4 Rip-up And Reroute | Checksum: 193edf25a

Time (s): cpu = 00:00:13 ; elapsed = 00:00:11 . Memory (MB): peak = 3546.242 ; gain = 100.754 ; free physical = 22157 ; free virtual = 27973

Phase 5 Delay and Skew Optimization
Phase 5 Delay and Skew Optimization | Checksum: 193edf25a

Time (s): cpu = 00:00:13 ; elapsed = 00:00:11 . Memory (MB): peak = 3546.242 ; gain = 100.754 ; free physical = 22157 ; free virtual = 27973

Phase 6 Post Hold Fix

Phase 6.1 Hold Fix Iter
Phase 6.1 Hold Fix Iter | Checksum: 193edf25a

Time (s): cpu = 00:00:13 ; elapsed = 00:00:11 . Memory (MB): peak = 3546.242 ; gain = 100.754 ; free physical = 22157 ; free virtual = 27973
Phase 6 Post Hold Fix | Checksum: 193edf25a

Time (s): cpu = 00:00:13 ; elapsed = 00:00:11 . Memory (MB): peak = 3546.242 ; gain = 100.754 ; free physical = 22157 ; free virtual = 27973

Phase 7 Route finalize

Router Utilization Summary
  Global Vertical Routing Utilization    = 0.000724863 %
  Global Horizontal Routing Utilization  = 0.00245098 %
  Routable Net Status*
  *Does not include unroutable nets such as driverless and loadless.
  Run report_route_status for detailed report.
  Number of Failed Nets               = 0
    (Failed Nets is the sum of unrouted and partially routed nets)
  Number of Unrouted Nets             = 0
  Number of Partially Routed Nets     = 0
  Number of Node Overlaps             = 0

Congestion Report
North Dir 1x1 Area, Max Cong = 3.6036%, No Congested Regions.
South Dir 1x1 Area, Max Cong = 2.7027%, No Congested Regions.
East Dir 1x1 Area, Max Cong = 4.41176%, No Congested Regions.
West Dir 1x1 Area, Max Cong = 19.1176%, No Congested Regions.

------------------------------
Reporting congestion hotspots
------------------------------
Direction: North
----------------
Congested clusters found at Level 0
Effective congestion level: 0 Aspect Ratio: 1 Sparse Ratio: 0
Direction: South
----------------
Congested clusters found at Level 0
Effective congestion level: 0 Aspect Ratio: 1 Sparse Ratio: 0
Direction: East
----------------
Congested clusters found at Level 0
Effective congestion level: 0 Aspect Ratio: 1 Sparse Ratio: 0
Direction: West
----------------
Congested clusters found at Level 0
Effective congestion level: 0 Aspect Ratio: 1 Sparse Ratio: 0

Phase 7 Route finalize | Checksum: 193edf25a

Time (s): cpu = 00:00:13 ; elapsed = 00:00:11 . Memory (MB): peak = 3546.242 ; gain = 100.754 ; free physical = 22157 ; free virtual = 27973

Phase 8 Verifying routed nets

 Verification completed successfully
Phase 8 Verifying routed nets | Checksum: 193edf25a

Time (s): cpu = 00:00:13 ; elapsed = 00:00:11 . Memory (MB): peak = 3546.242 ; gain = 100.754 ; free physical = 22156 ; free virtual = 27972

Phase 9 Depositing Routes
Phase 9 Depositing Routes | Checksum: 1afa17a49

Time (s): cpu = 00:00:13 ; elapsed = 00:00:11 . Memory (MB): peak = 3562.250 ; gain = 116.762 ; free physical = 22156 ; free virtual = 27972
INFO: [Route 35-16] Router Completed Successfully

Time (s): cpu = 00:00:13 ; elapsed = 00:00:11 . Memory (MB): peak = 3562.250 ; gain = 116.762 ; free physical = 22193 ; free virtual = 28009

Routing Is Done.
INFO: [Common 17-83] Releasing license: Implementation
55 Infos, 1 Warnings, 0 Critical Warnings and 0 Errors encountered.
route_design completed successfully
route_design: Time (s): cpu = 00:00:14 ; elapsed = 00:00:11 . Memory (MB): peak = 3562.250 ; gain = 164.324 ; free physical = 22193 ; free virtual = 28009
Writing XDEF routing.
Writing XDEF routing logical nets.
Writing XDEF routing special nets.
Write XDEF Complete: Time (s): cpu = 00:00:00.03 ; elapsed = 00:00:00.05 . Memory (MB): peak = 3562.250 ; gain = 0.000 ; free physical = 22191 ; free virtual = 28009
INFO: [Common 17-1381] The checkpoint '/users/btech/rohitv23/assignment3_monday1/assignment3_monday1.runs/impl_1/gray_FSM_routed.dcp' has been generated.
INFO: [runtcl-4] Executing : report_drc -file gray_FSM_drc_routed.rpt -pb gray_FSM_drc_routed.pb -rpx gray_FSM_drc_routed.rpx
Command: report_drc -file gray_FSM_drc_routed.rpt -pb gray_FSM_drc_routed.pb -rpx gray_FSM_drc_routed.rpx
INFO: [IP_Flow 19-1839] IP Catalog is up to date.
INFO: [DRC 23-27] Running DRC with 8 threads
INFO: [Vivado_Tcl 2-168] The results of DRC are in file /users/btech/rohitv23/assignment3_monday1/assignment3_monday1.runs/impl_1/gray_FSM_drc_routed.rpt.
report_drc completed successfully
INFO: [runtcl-4] Executing : report_methodology -file gray_FSM_methodology_drc_routed.rpt -pb gray_FSM_methodology_drc_routed.pb -rpx gray_FSM_methodology_drc_routed.rpx
Command: report_methodology -file gray_FSM_methodology_drc_routed.rpt -pb gray_FSM_methodology_drc_routed.pb -rpx gray_FSM_methodology_drc_routed.rpx
INFO: [Timing 38-35] Done setting XDC timing constraints.
INFO: [DRC 23-133] Running Methodology with 8 threads
INFO: [Vivado_Tcl 2-1520] The results of Report Methodology are in file /users/btech/rohitv23/assignment3_monday1/assignment3_monday1.runs/impl_1/gray_FSM_methodology_drc_routed.rpt.
report_methodology completed successfully
INFO: [runtcl-4] Executing : report_power -file gray_FSM_power_routed.rpt -pb gray_FSM_power_summary_routed.pb -rpx gray_FSM_power_routed.rpx
Command: report_power -file gray_FSM_power_routed.rpt -pb gray_FSM_power_summary_routed.pb -rpx gray_FSM_power_routed.rpx
INFO: [Timing 38-35] Done setting XDC timing constraints.
WARNING: [Power 33-232] No user defined clocks were found in the design! Power estimation will be inaccurate until this is corrected.
Resolution: Please specify clocks using create_clock/create_generated_clock for sequential elements. For pure combinatorial circuits, please specify a virtual clock, otherwise the vectorless estimation might be inaccurate
Running Vector-less Activity Propagation...

Finished Running Vector-less Activity Propagation
66 Infos, 2 Warnings, 0 Critical Warnings and 0 Errors encountered.
report_power completed successfully
INFO: [runtcl-4] Executing : report_route_status -file gray_FSM_route_status.rpt -pb gray_FSM_route_status.pb
INFO: [runtcl-4] Executing : report_timing_summary -max_paths 10 -report_unconstrained -file gray_FSM_timing_summary_routed.rpt -pb gray_FSM_timing_summary_routed.pb -rpx gray_FSM_timing_summary_routed.rpx -warn_on_violation 
INFO: [Timing 38-91] UpdateTimingParams: Speed grade: -1, Delay Type: min_max.
INFO: [Timing 38-191] Multithreading enabled for timing update using a maximum of 8 CPUs
WARNING: [Timing 38-313] There are no user specified timing constraints. Timing constraints are needed for proper timing analysis.
INFO: [runtcl-4] Executing : report_incremental_reuse -file gray_FSM_incremental_reuse_routed.rpt
INFO: [Vivado_Tcl 4-1062] Incremental flow is disabled. No incremental reuse Info to report.
INFO: [runtcl-4] Executing : report_clock_utilization -file gray_FSM_clock_utilization_routed.rpt
INFO: [runtcl-4] Executing : report_bus_skew -warn_on_violation -file gray_FSM_bus_skew_routed.rpt -pb gray_FSM_bus_skew_routed.pb -rpx gray_FSM_bus_skew_routed.rpx
INFO: [Timing 38-91] UpdateTimingParams: Speed grade: -1, Delay Type: min_max.
INFO: [Timing 38-191] Multithreading enabled for timing update using a maximum of 8 CPUs
INFO: [Common 17-206] Exiting Vivado at Mon Jan 27 14:24:16 2025...
