
*** Running vivado
    with args -log register_file_32x32.vds -m64 -product Vivado -mode batch -messageDb vivado.pb -notrace -source register_file_32x32.tcl


****** Vivado v2022.2 (64-bit)
  **** SW Build 3671981 on Fri Oct 14 04:59:54 MDT 2022
  **** IP Build 3669848 on Fri Oct 14 08:30:02 MDT 2022
    ** Copyright 1986-2022 Xilinx, Inc. All Rights Reserved.

source register_file_32x32.tcl -notrace
Command: synth_design -top register_file_32x32 -part xc7z020clg400-1
Starting synth_design
Attempting to get a license for feature 'Synthesis' and/or device 'xc7z020'
INFO: [Common 17-349] Got license for feature 'Synthesis' and/or device 'xc7z020'
INFO: [Synth 8-7079] Multithreading enabled for synth_design using a maximum of 4 processes.
INFO: [Synth 8-7078] Launching helper process for spawning children vivado processes
INFO: [Synth 8-7075] Helper process launched with PID 90319
INFO: [Synth 8-11241] undeclared symbol 'REGCCE', assumed default net type 'wire' [/tools/Xilinx/Vivado/2022.2/data/verilog/src/unimacro/BRAM_SINGLE_MACRO.v:2170]
---------------------------------------------------------------------------------
Starting Synthesize : Time (s): cpu = 00:00:02 ; elapsed = 00:00:02 . Memory (MB): peak = 2409.559 ; gain = 384.707 ; free physical = 22311 ; free virtual = 27959
Synthesis current peak Physical Memory [PSS] (MB): peak = 1848.003; parent = 1635.771; children = 212.232
Synthesis current peak Virtual Memory [VSS] (MB): peak = 3379.332; parent = 2409.562; children = 969.770
---------------------------------------------------------------------------------
INFO: [Synth 8-6157] synthesizing module 'register_file_32x32' [/users/btech/rohitv23/assignment4_2/assignment4_2.srcs/sources_1/new/reg_file.v:2]
INFO: [Synth 8-155] case statement is not full and has no default [/users/btech/rohitv23/assignment4_2/assignment4_2.srcs/sources_1/new/reg_file.v:46]
INFO: [Synth 8-6155] done synthesizing module 'register_file_32x32' (0#1) [/users/btech/rohitv23/assignment4_2/assignment4_2.srcs/sources_1/new/reg_file.v:2]
---------------------------------------------------------------------------------
Finished Synthesize : Time (s): cpu = 00:00:03 ; elapsed = 00:00:03 . Memory (MB): peak = 2489.527 ; gain = 464.676 ; free physical = 22393 ; free virtual = 28044
Synthesis current peak Physical Memory [PSS] (MB): peak = 1848.003; parent = 1635.771; children = 212.232
Synthesis current peak Virtual Memory [VSS] (MB): peak = 3459.301; parent = 2489.531; children = 969.770
---------------------------------------------------------------------------------
---------------------------------------------------------------------------------
Finished Constraint Validation : Time (s): cpu = 00:00:03 ; elapsed = 00:00:04 . Memory (MB): peak = 2507.340 ; gain = 482.488 ; free physical = 22385 ; free virtual = 28036
Synthesis current peak Physical Memory [PSS] (MB): peak = 1848.003; parent = 1635.771; children = 212.232
Synthesis current peak Virtual Memory [VSS] (MB): peak = 3477.113; parent = 2507.344; children = 969.770
---------------------------------------------------------------------------------
---------------------------------------------------------------------------------
Start Loading Part and Timing Information
---------------------------------------------------------------------------------
Loading part: xc7z020clg400-1
---------------------------------------------------------------------------------
Finished Loading Part and Timing Information : Time (s): cpu = 00:00:03 ; elapsed = 00:00:04 . Memory (MB): peak = 2515.344 ; gain = 490.492 ; free physical = 22385 ; free virtual = 28036
INFO: [Device 21-403] Loading part xc7z020clg400-1
Synthesis current peak Physical Memory [PSS] (MB): peak = 1848.003; parent = 1635.771; children = 212.232
Synthesis current peak Virtual Memory [VSS] (MB): peak = 3485.117; parent = 2515.348; children = 969.770
---------------------------------------------------------------------------------
---------------------------------------------------------------------------------
Finished RTL Optimization Phase 2 : Time (s): cpu = 00:00:04 ; elapsed = 00:00:04 . Memory (MB): peak = 2524.250 ; gain = 499.398 ; free physical = 22325 ; free virtual = 27979
Synthesis current peak Physical Memory [PSS] (MB): peak = 1848.003; parent = 1635.771; children = 212.232
Synthesis current peak Virtual Memory [VSS] (MB): peak = 3494.023; parent = 2524.254; children = 969.770
---------------------------------------------------------------------------------
No constraint files found.
---------------------------------------------------------------------------------
Start RTL Component Statistics 
---------------------------------------------------------------------------------
Detailed RTL Component Info : 
+---Muxes : 
	   2 Input    1 Bit        Muxes := 128   
---------------------------------------------------------------------------------
Finished RTL Component Statistics 
---------------------------------------------------------------------------------
---------------------------------------------------------------------------------
Start Part Resource Summary
---------------------------------------------------------------------------------
Part Resources:
DSPs: 220 (col length:60)
BRAMs: 280 (col length: RAMB18 60 RAMB36 30)
---------------------------------------------------------------------------------
Finished Part Resource Summary
---------------------------------------------------------------------------------
No constraint files found.
---------------------------------------------------------------------------------
Start Cross Boundary and Area Optimization
---------------------------------------------------------------------------------
WARNING: [Synth 8-7080] Parallel synthesis criteria is not met
CRITICAL WARNING: [Synth 8-6859] multi-driven net on pin Q with 1st driver pin 'registers_reg[0][31]__0/Q' [/users/btech/rohitv23/assignment4_2/assignment4_2.srcs/sources_1/new/reg_file.v:34]
CRITICAL WARNING: [Synth 8-6859] multi-driven net on pin Q with 2nd driver pin 'GND' [/users/btech/rohitv23/assignment4_2/assignment4_2.srcs/sources_1/new/reg_file.v:34]
CRITICAL WARNING: [Synth 8-6858] multi-driven net Q is connected to at least one constant driver which has been preserved, other driver is ignored [/users/btech/rohitv23/assignment4_2/assignment4_2.srcs/sources_1/new/reg_file.v:34]
CRITICAL WARNING: [Synth 8-6859] multi-driven net on pin Q with 1st driver pin 'registers_reg[0][30]__0/Q' [/users/btech/rohitv23/assignment4_2/assignment4_2.srcs/sources_1/new/reg_file.v:34]
CRITICAL WARNING: [Synth 8-6859] multi-driven net on pin Q with 2nd driver pin 'GND' [/users/btech/rohitv23/assignment4_2/assignment4_2.srcs/sources_1/new/reg_file.v:34]
CRITICAL WARNING: [Synth 8-6858] multi-driven net Q is connected to at least one constant driver which has been preserved, other driver is ignored [/users/btech/rohitv23/assignment4_2/assignment4_2.srcs/sources_1/new/reg_file.v:34]
CRITICAL WARNING: [Synth 8-6859] multi-driven net on pin Q with 1st driver pin 'registers_reg[0][29]__0/Q' [/users/btech/rohitv23/assignment4_2/assignment4_2.srcs/sources_1/new/reg_file.v:34]
CRITICAL WARNING: [Synth 8-6859] multi-driven net on pin Q with 2nd driver pin 'GND' [/users/btech/rohitv23/assignment4_2/assignment4_2.srcs/sources_1/new/reg_file.v:34]
CRITICAL WARNING: [Synth 8-6858] multi-driven net Q is connected to at least one constant driver which has been preserved, other driver is ignored [/users/btech/rohitv23/assignment4_2/assignment4_2.srcs/sources_1/new/reg_file.v:34]
CRITICAL WARNING: [Synth 8-6859] multi-driven net on pin Q with 1st driver pin 'registers_reg[0][28]__0/Q' [/users/btech/rohitv23/assignment4_2/assignment4_2.srcs/sources_1/new/reg_file.v:34]
CRITICAL WARNING: [Synth 8-6859] multi-driven net on pin Q with 2nd driver pin 'GND' [/users/btech/rohitv23/assignment4_2/assignment4_2.srcs/sources_1/new/reg_file.v:34]
CRITICAL WARNING: [Synth 8-6858] multi-driven net Q is connected to at least one constant driver which has been preserved, other driver is ignored [/users/btech/rohitv23/assignment4_2/assignment4_2.srcs/sources_1/new/reg_file.v:34]
CRITICAL WARNING: [Synth 8-6859] multi-driven net on pin Q with 1st driver pin 'registers_reg[0][27]__0/Q' [/users/btech/rohitv23/assignment4_2/assignment4_2.srcs/sources_1/new/reg_file.v:34]
CRITICAL WARNING: [Synth 8-6859] multi-driven net on pin Q with 2nd driver pin 'GND' [/users/btech/rohitv23/assignment4_2/assignment4_2.srcs/sources_1/new/reg_file.v:34]
CRITICAL WARNING: [Synth 8-6858] multi-driven net Q is connected to at least one constant driver which has been preserved, other driver is ignored [/users/btech/rohitv23/assignment4_2/assignment4_2.srcs/sources_1/new/reg_file.v:34]
CRITICAL WARNING: [Synth 8-6859] multi-driven net on pin Q with 1st driver pin 'registers_reg[0][26]__0/Q' [/users/btech/rohitv23/assignment4_2/assignment4_2.srcs/sources_1/new/reg_file.v:34]
CRITICAL WARNING: [Synth 8-6859] multi-driven net on pin Q with 2nd driver pin 'GND' [/users/btech/rohitv23/assignment4_2/assignment4_2.srcs/sources_1/new/reg_file.v:34]
CRITICAL WARNING: [Synth 8-6858] multi-driven net Q is connected to at least one constant driver which has been preserved, other driver is ignored [/users/btech/rohitv23/assignment4_2/assignment4_2.srcs/sources_1/new/reg_file.v:34]
CRITICAL WARNING: [Synth 8-6859] multi-driven net on pin Q with 1st driver pin 'registers_reg[0][25]__0/Q' [/users/btech/rohitv23/assignment4_2/assignment4_2.srcs/sources_1/new/reg_file.v:34]
CRITICAL WARNING: [Synth 8-6859] multi-driven net on pin Q with 2nd driver pin 'GND' [/users/btech/rohitv23/assignment4_2/assignment4_2.srcs/sources_1/new/reg_file.v:34]
CRITICAL WARNING: [Synth 8-6858] multi-driven net Q is connected to at least one constant driver which has been preserved, other driver is ignored [/users/btech/rohitv23/assignment4_2/assignment4_2.srcs/sources_1/new/reg_file.v:34]
CRITICAL WARNING: [Synth 8-6859] multi-driven net on pin Q with 1st driver pin 'registers_reg[0][24]__0/Q' [/users/btech/rohitv23/assignment4_2/assignment4_2.srcs/sources_1/new/reg_file.v:34]
CRITICAL WARNING: [Synth 8-6859] multi-driven net on pin Q with 2nd driver pin 'GND' [/users/btech/rohitv23/assignment4_2/assignment4_2.srcs/sources_1/new/reg_file.v:34]
CRITICAL WARNING: [Synth 8-6858] multi-driven net Q is connected to at least one constant driver which has been preserved, other driver is ignored [/users/btech/rohitv23/assignment4_2/assignment4_2.srcs/sources_1/new/reg_file.v:34]
CRITICAL WARNING: [Synth 8-6859] multi-driven net on pin Q with 1st driver pin 'registers_reg[0][23]__0/Q' [/users/btech/rohitv23/assignment4_2/assignment4_2.srcs/sources_1/new/reg_file.v:34]
CRITICAL WARNING: [Synth 8-6859] multi-driven net on pin Q with 2nd driver pin 'GND' [/users/btech/rohitv23/assignment4_2/assignment4_2.srcs/sources_1/new/reg_file.v:34]
CRITICAL WARNING: [Synth 8-6858] multi-driven net Q is connected to at least one constant driver which has been preserved, other driver is ignored [/users/btech/rohitv23/assignment4_2/assignment4_2.srcs/sources_1/new/reg_file.v:34]
CRITICAL WARNING: [Synth 8-6859] multi-driven net on pin Q with 1st driver pin 'registers_reg[0][22]__0/Q' [/users/btech/rohitv23/assignment4_2/assignment4_2.srcs/sources_1/new/reg_file.v:34]
CRITICAL WARNING: [Synth 8-6859] multi-driven net on pin Q with 2nd driver pin 'GND' [/users/btech/rohitv23/assignment4_2/assignment4_2.srcs/sources_1/new/reg_file.v:34]
CRITICAL WARNING: [Synth 8-6858] multi-driven net Q is connected to at least one constant driver which has been preserved, other driver is ignored [/users/btech/rohitv23/assignment4_2/assignment4_2.srcs/sources_1/new/reg_file.v:34]
CRITICAL WARNING: [Synth 8-6859] multi-driven net on pin Q with 1st driver pin 'registers_reg[0][21]__0/Q' [/users/btech/rohitv23/assignment4_2/assignment4_2.srcs/sources_1/new/reg_file.v:34]
CRITICAL WARNING: [Synth 8-6859] multi-driven net on pin Q with 2nd driver pin 'GND' [/users/btech/rohitv23/assignment4_2/assignment4_2.srcs/sources_1/new/reg_file.v:34]
CRITICAL WARNING: [Synth 8-6858] multi-driven net Q is connected to at least one constant driver which has been preserved, other driver is ignored [/users/btech/rohitv23/assignment4_2/assignment4_2.srcs/sources_1/new/reg_file.v:34]
CRITICAL WARNING: [Synth 8-6859] multi-driven net on pin Q with 1st driver pin 'registers_reg[0][20]__0/Q' [/users/btech/rohitv23/assignment4_2/assignment4_2.srcs/sources_1/new/reg_file.v:34]
CRITICAL WARNING: [Synth 8-6859] multi-driven net on pin Q with 2nd driver pin 'GND' [/users/btech/rohitv23/assignment4_2/assignment4_2.srcs/sources_1/new/reg_file.v:34]
CRITICAL WARNING: [Synth 8-6858] multi-driven net Q is connected to at least one constant driver which has been preserved, other driver is ignored [/users/btech/rohitv23/assignment4_2/assignment4_2.srcs/sources_1/new/reg_file.v:34]
CRITICAL WARNING: [Synth 8-6859] multi-driven net on pin Q with 1st driver pin 'registers_reg[0][19]__0/Q' [/users/btech/rohitv23/assignment4_2/assignment4_2.srcs/sources_1/new/reg_file.v:34]
CRITICAL WARNING: [Synth 8-6859] multi-driven net on pin Q with 2nd driver pin 'GND' [/users/btech/rohitv23/assignment4_2/assignment4_2.srcs/sources_1/new/reg_file.v:34]
CRITICAL WARNING: [Synth 8-6858] multi-driven net Q is connected to at least one constant driver which has been preserved, other driver is ignored [/users/btech/rohitv23/assignment4_2/assignment4_2.srcs/sources_1/new/reg_file.v:34]
CRITICAL WARNING: [Synth 8-6859] multi-driven net on pin Q with 1st driver pin 'registers_reg[0][18]__0/Q' [/users/btech/rohitv23/assignment4_2/assignment4_2.srcs/sources_1/new/reg_file.v:34]
CRITICAL WARNING: [Synth 8-6859] multi-driven net on pin Q with 2nd driver pin 'GND' [/users/btech/rohitv23/assignment4_2/assignment4_2.srcs/sources_1/new/reg_file.v:34]
CRITICAL WARNING: [Synth 8-6858] multi-driven net Q is connected to at least one constant driver which has been preserved, other driver is ignored [/users/btech/rohitv23/assignment4_2/assignment4_2.srcs/sources_1/new/reg_file.v:34]
CRITICAL WARNING: [Synth 8-6859] multi-driven net on pin Q with 1st driver pin 'registers_reg[0][17]__0/Q' [/users/btech/rohitv23/assignment4_2/assignment4_2.srcs/sources_1/new/reg_file.v:34]
CRITICAL WARNING: [Synth 8-6859] multi-driven net on pin Q with 2nd driver pin 'GND' [/users/btech/rohitv23/assignment4_2/assignment4_2.srcs/sources_1/new/reg_file.v:34]
CRITICAL WARNING: [Synth 8-6858] multi-driven net Q is connected to at least one constant driver which has been preserved, other driver is ignored [/users/btech/rohitv23/assignment4_2/assignment4_2.srcs/sources_1/new/reg_file.v:34]
CRITICAL WARNING: [Synth 8-6859] multi-driven net on pin Q with 1st driver pin 'registers_reg[0][16]__0/Q' [/users/btech/rohitv23/assignment4_2/assignment4_2.srcs/sources_1/new/reg_file.v:34]
CRITICAL WARNING: [Synth 8-6859] multi-driven net on pin Q with 2nd driver pin 'GND' [/users/btech/rohitv23/assignment4_2/assignment4_2.srcs/sources_1/new/reg_file.v:34]
CRITICAL WARNING: [Synth 8-6858] multi-driven net Q is connected to at least one constant driver which has been preserved, other driver is ignored [/users/btech/rohitv23/assignment4_2/assignment4_2.srcs/sources_1/new/reg_file.v:34]
CRITICAL WARNING: [Synth 8-6859] multi-driven net on pin Q with 1st driver pin 'registers_reg[0][15]__0/Q' [/users/btech/rohitv23/assignment4_2/assignment4_2.srcs/sources_1/new/reg_file.v:34]
CRITICAL WARNING: [Synth 8-6859] multi-driven net on pin Q with 2nd driver pin 'GND' [/users/btech/rohitv23/assignment4_2/assignment4_2.srcs/sources_1/new/reg_file.v:34]
CRITICAL WARNING: [Synth 8-6858] multi-driven net Q is connected to at least one constant driver which has been preserved, other driver is ignored [/users/btech/rohitv23/assignment4_2/assignment4_2.srcs/sources_1/new/reg_file.v:34]
CRITICAL WARNING: [Synth 8-6859] multi-driven net on pin Q with 1st driver pin 'registers_reg[0][14]__0/Q' [/users/btech/rohitv23/assignment4_2/assignment4_2.srcs/sources_1/new/reg_file.v:34]
CRITICAL WARNING: [Synth 8-6859] multi-driven net on pin Q with 2nd driver pin 'GND' [/users/btech/rohitv23/assignment4_2/assignment4_2.srcs/sources_1/new/reg_file.v:34]
CRITICAL WARNING: [Synth 8-6858] multi-driven net Q is connected to at least one constant driver which has been preserved, other driver is ignored [/users/btech/rohitv23/assignment4_2/assignment4_2.srcs/sources_1/new/reg_file.v:34]
CRITICAL WARNING: [Synth 8-6859] multi-driven net on pin Q with 1st driver pin 'registers_reg[0][13]__0/Q' [/users/btech/rohitv23/assignment4_2/assignment4_2.srcs/sources_1/new/reg_file.v:34]
CRITICAL WARNING: [Synth 8-6859] multi-driven net on pin Q with 2nd driver pin 'GND' [/users/btech/rohitv23/assignment4_2/assignment4_2.srcs/sources_1/new/reg_file.v:34]
CRITICAL WARNING: [Synth 8-6858] multi-driven net Q is connected to at least one constant driver which has been preserved, other driver is ignored [/users/btech/rohitv23/assignment4_2/assignment4_2.srcs/sources_1/new/reg_file.v:34]
CRITICAL WARNING: [Synth 8-6859] multi-driven net on pin Q with 1st driver pin 'registers_reg[0][12]__0/Q' [/users/btech/rohitv23/assignment4_2/assignment4_2.srcs/sources_1/new/reg_file.v:34]
CRITICAL WARNING: [Synth 8-6859] multi-driven net on pin Q with 2nd driver pin 'GND' [/users/btech/rohitv23/assignment4_2/assignment4_2.srcs/sources_1/new/reg_file.v:34]
CRITICAL WARNING: [Synth 8-6858] multi-driven net Q is connected to at least one constant driver which has been preserved, other driver is ignored [/users/btech/rohitv23/assignment4_2/assignment4_2.srcs/sources_1/new/reg_file.v:34]
CRITICAL WARNING: [Synth 8-6859] multi-driven net on pin Q with 1st driver pin 'registers_reg[0][11]__0/Q' [/users/btech/rohitv23/assignment4_2/assignment4_2.srcs/sources_1/new/reg_file.v:34]
CRITICAL WARNING: [Synth 8-6859] multi-driven net on pin Q with 2nd driver pin 'GND' [/users/btech/rohitv23/assignment4_2/assignment4_2.srcs/sources_1/new/reg_file.v:34]
CRITICAL WARNING: [Synth 8-6858] multi-driven net Q is connected to at least one constant driver which has been preserved, other driver is ignored [/users/btech/rohitv23/assignment4_2/assignment4_2.srcs/sources_1/new/reg_file.v:34]
CRITICAL WARNING: [Synth 8-6859] multi-driven net on pin Q with 1st driver pin 'registers_reg[0][10]__0/Q' [/users/btech/rohitv23/assignment4_2/assignment4_2.srcs/sources_1/new/reg_file.v:34]
CRITICAL WARNING: [Synth 8-6859] multi-driven net on pin Q with 2nd driver pin 'GND' [/users/btech/rohitv23/assignment4_2/assignment4_2.srcs/sources_1/new/reg_file.v:34]
CRITICAL WARNING: [Synth 8-6858] multi-driven net Q is connected to at least one constant driver which has been preserved, other driver is ignored [/users/btech/rohitv23/assignment4_2/assignment4_2.srcs/sources_1/new/reg_file.v:34]
CRITICAL WARNING: [Synth 8-6859] multi-driven net on pin Q with 1st driver pin 'registers_reg[0][9]__0/Q' [/users/btech/rohitv23/assignment4_2/assignment4_2.srcs/sources_1/new/reg_file.v:34]
CRITICAL WARNING: [Synth 8-6859] multi-driven net on pin Q with 2nd driver pin 'GND' [/users/btech/rohitv23/assignment4_2/assignment4_2.srcs/sources_1/new/reg_file.v:34]
CRITICAL WARNING: [Synth 8-6858] multi-driven net Q is connected to at least one constant driver which has been preserved, other driver is ignored [/users/btech/rohitv23/assignment4_2/assignment4_2.srcs/sources_1/new/reg_file.v:34]
CRITICAL WARNING: [Synth 8-6859] multi-driven net on pin Q with 1st driver pin 'registers_reg[0][8]__0/Q' [/users/btech/rohitv23/assignment4_2/assignment4_2.srcs/sources_1/new/reg_file.v:34]
CRITICAL WARNING: [Synth 8-6859] multi-driven net on pin Q with 2nd driver pin 'GND' [/users/btech/rohitv23/assignment4_2/assignment4_2.srcs/sources_1/new/reg_file.v:34]
CRITICAL WARNING: [Synth 8-6858] multi-driven net Q is connected to at least one constant driver which has been preserved, other driver is ignored [/users/btech/rohitv23/assignment4_2/assignment4_2.srcs/sources_1/new/reg_file.v:34]
CRITICAL WARNING: [Synth 8-6859] multi-driven net on pin Q with 1st driver pin 'registers_reg[0][7]__0/Q' [/users/btech/rohitv23/assignment4_2/assignment4_2.srcs/sources_1/new/reg_file.v:34]
CRITICAL WARNING: [Synth 8-6859] multi-driven net on pin Q with 2nd driver pin 'GND' [/users/btech/rohitv23/assignment4_2/assignment4_2.srcs/sources_1/new/reg_file.v:34]
CRITICAL WARNING: [Synth 8-6858] multi-driven net Q is connected to at least one constant driver which has been preserved, other driver is ignored [/users/btech/rohitv23/assignment4_2/assignment4_2.srcs/sources_1/new/reg_file.v:34]
CRITICAL WARNING: [Synth 8-6859] multi-driven net on pin Q with 1st driver pin 'registers_reg[0][6]__0/Q' [/users/btech/rohitv23/assignment4_2/assignment4_2.srcs/sources_1/new/reg_file.v:34]
CRITICAL WARNING: [Synth 8-6859] multi-driven net on pin Q with 2nd driver pin 'GND' [/users/btech/rohitv23/assignment4_2/assignment4_2.srcs/sources_1/new/reg_file.v:34]
CRITICAL WARNING: [Synth 8-6858] multi-driven net Q is connected to at least one constant driver which has been preserved, other driver is ignored [/users/btech/rohitv23/assignment4_2/assignment4_2.srcs/sources_1/new/reg_file.v:34]
CRITICAL WARNING: [Synth 8-6859] multi-driven net on pin Q with 1st driver pin 'registers_reg[0][5]__0/Q' [/users/btech/rohitv23/assignment4_2/assignment4_2.srcs/sources_1/new/reg_file.v:34]
CRITICAL WARNING: [Synth 8-6859] multi-driven net on pin Q with 2nd driver pin 'GND' [/users/btech/rohitv23/assignment4_2/assignment4_2.srcs/sources_1/new/reg_file.v:34]
CRITICAL WARNING: [Synth 8-6858] multi-driven net Q is connected to at least one constant driver which has been preserved, other driver is ignored [/users/btech/rohitv23/assignment4_2/assignment4_2.srcs/sources_1/new/reg_file.v:34]
CRITICAL WARNING: [Synth 8-6859] multi-driven net on pin Q with 1st driver pin 'registers_reg[0][4]__0/Q' [/users/btech/rohitv23/assignment4_2/assignment4_2.srcs/sources_1/new/reg_file.v:34]
CRITICAL WARNING: [Synth 8-6859] multi-driven net on pin Q with 2nd driver pin 'GND' [/users/btech/rohitv23/assignment4_2/assignment4_2.srcs/sources_1/new/reg_file.v:34]
CRITICAL WARNING: [Synth 8-6858] multi-driven net Q is connected to at least one constant driver which has been preserved, other driver is ignored [/users/btech/rohitv23/assignment4_2/assignment4_2.srcs/sources_1/new/reg_file.v:34]
CRITICAL WARNING: [Synth 8-6859] multi-driven net on pin Q with 1st driver pin 'registers_reg[0][3]__0/Q' [/users/btech/rohitv23/assignment4_2/assignment4_2.srcs/sources_1/new/reg_file.v:34]
CRITICAL WARNING: [Synth 8-6859] multi-driven net on pin Q with 2nd driver pin 'GND' [/users/btech/rohitv23/assignment4_2/assignment4_2.srcs/sources_1/new/reg_file.v:34]
CRITICAL WARNING: [Synth 8-6858] multi-driven net Q is connected to at least one constant driver which has been preserved, other driver is ignored [/users/btech/rohitv23/assignment4_2/assignment4_2.srcs/sources_1/new/reg_file.v:34]
CRITICAL WARNING: [Synth 8-6859] multi-driven net on pin Q with 1st driver pin 'registers_reg[0][2]__0/Q' [/users/btech/rohitv23/assignment4_2/assignment4_2.srcs/sources_1/new/reg_file.v:34]
CRITICAL WARNING: [Synth 8-6859] multi-driven net on pin Q with 2nd driver pin 'GND' [/users/btech/rohitv23/assignment4_2/assignment4_2.srcs/sources_1/new/reg_file.v:34]
CRITICAL WARNING: [Synth 8-6858] multi-driven net Q is connected to at least one constant driver which has been preserved, other driver is ignored [/users/btech/rohitv23/assignment4_2/assignment4_2.srcs/sources_1/new/reg_file.v:34]
CRITICAL WARNING: [Synth 8-6859] multi-driven net on pin Q with 1st driver pin 'registers_reg[0][1]__0/Q' [/users/btech/rohitv23/assignment4_2/assignment4_2.srcs/sources_1/new/reg_file.v:34]
CRITICAL WARNING: [Synth 8-6859] multi-driven net on pin Q with 2nd driver pin 'GND' [/users/btech/rohitv23/assignment4_2/assignment4_2.srcs/sources_1/new/reg_file.v:34]
CRITICAL WARNING: [Synth 8-6858] multi-driven net Q is connected to at least one constant driver which has been preserved, other driver is ignored [/users/btech/rohitv23/assignment4_2/assignment4_2.srcs/sources_1/new/reg_file.v:34]
CRITICAL WARNING: [Synth 8-6859] multi-driven net on pin Q with 1st driver pin 'registers_reg[0][0]__0/Q' [/users/btech/rohitv23/assignment4_2/assignment4_2.srcs/sources_1/new/reg_file.v:34]
CRITICAL WARNING: [Synth 8-6859] multi-driven net on pin Q with 2nd driver pin 'GND' [/users/btech/rohitv23/assignment4_2/assignment4_2.srcs/sources_1/new/reg_file.v:34]
CRITICAL WARNING: [Synth 8-6858] multi-driven net Q is connected to at least one constant driver which has been preserved, other driver is ignored [/users/btech/rohitv23/assignment4_2/assignment4_2.srcs/sources_1/new/reg_file.v:34]
CRITICAL WARNING: [Synth 8-6859] multi-driven net on pin Q with 1st driver pin 'registers_reg[1][31]__0/Q' [/users/btech/rohitv23/assignment4_2/assignment4_2.srcs/sources_1/new/reg_file.v:34]
CRITICAL WARNING: [Synth 8-6859] multi-driven net on pin Q with 2nd driver pin 'GND' [/users/btech/rohitv23/assignment4_2/assignment4_2.srcs/sources_1/new/reg_file.v:34]
CRITICAL WARNING: [Synth 8-6858] multi-driven net Q is connected to at least one constant driver which has been preserved, other driver is ignored [/users/btech/rohitv23/assignment4_2/assignment4_2.srcs/sources_1/new/reg_file.v:34]
CRITICAL WARNING: [Synth 8-6859] multi-driven net on pin Q with 1st driver pin 'registers_reg[1][30]__0/Q' [/users/btech/rohitv23/assignment4_2/assignment4_2.srcs/sources_1/new/reg_file.v:34]
CRITICAL WARNING: [Synth 8-6859] multi-driven net on pin Q with 2nd driver pin 'GND' [/users/btech/rohitv23/assignment4_2/assignment4_2.srcs/sources_1/new/reg_file.v:34]
CRITICAL WARNING: [Synth 8-6858] multi-driven net Q is connected to at least one constant driver which has been preserved, other driver is ignored [/users/btech/rohitv23/assignment4_2/assignment4_2.srcs/sources_1/new/reg_file.v:34]
CRITICAL WARNING: [Synth 8-6859] multi-driven net on pin Q with 1st driver pin 'registers_reg[1][29]__0/Q' [/users/btech/rohitv23/assignment4_2/assignment4_2.srcs/sources_1/new/reg_file.v:34]
CRITICAL WARNING: [Synth 8-6859] multi-driven net on pin Q with 2nd driver pin 'GND' [/users/btech/rohitv23/assignment4_2/assignment4_2.srcs/sources_1/new/reg_file.v:34]
CRITICAL WARNING: [Synth 8-6858] multi-driven net Q is connected to at least one constant driver which has been preserved, other driver is ignored [/users/btech/rohitv23/assignment4_2/assignment4_2.srcs/sources_1/new/reg_file.v:34]
CRITICAL WARNING: [Synth 8-6859] multi-driven net on pin Q with 1st driver pin 'registers_reg[1][28]__0/Q' [/users/btech/rohitv23/assignment4_2/assignment4_2.srcs/sources_1/new/reg_file.v:34]
CRITICAL WARNING: [Synth 8-6859] multi-driven net on pin Q with 2nd driver pin 'GND' [/users/btech/rohitv23/assignment4_2/assignment4_2.srcs/sources_1/new/reg_file.v:34]
CRITICAL WARNING: [Synth 8-6858] multi-driven net Q is connected to at least one constant driver which has been preserved, other driver is ignored [/users/btech/rohitv23/assignment4_2/assignment4_2.srcs/sources_1/new/reg_file.v:34]
CRITICAL WARNING: [Synth 8-6859] multi-driven net on pin Q with 1st driver pin 'registers_reg[1][27]__0/Q' [/users/btech/rohitv23/assignment4_2/assignment4_2.srcs/sources_1/new/reg_file.v:34]
CRITICAL WARNING: [Synth 8-6859] multi-driven net on pin Q with 2nd driver pin 'GND' [/users/btech/rohitv23/assignment4_2/assignment4_2.srcs/sources_1/new/reg_file.v:34]
CRITICAL WARNING: [Synth 8-6858] multi-driven net Q is connected to at least one constant driver which has been preserved, other driver is ignored [/users/btech/rohitv23/assignment4_2/assignment4_2.srcs/sources_1/new/reg_file.v:34]
CRITICAL WARNING: [Synth 8-6859] multi-driven net on pin Q with 1st driver pin 'registers_reg[1][26]__0/Q' [/users/btech/rohitv23/assignment4_2/assignment4_2.srcs/sources_1/new/reg_file.v:34]
CRITICAL WARNING: [Synth 8-6859] multi-driven net on pin Q with 2nd driver pin 'GND' [/users/btech/rohitv23/assignment4_2/assignment4_2.srcs/sources_1/new/reg_file.v:34]
CRITICAL WARNING: [Synth 8-6858] multi-driven net Q is connected to at least one constant driver which has been preserved, other driver is ignored [/users/btech/rohitv23/assignment4_2/assignment4_2.srcs/sources_1/new/reg_file.v:34]
CRITICAL WARNING: [Synth 8-6859] multi-driven net on pin Q with 1st driver pin 'registers_reg[1][25]__0/Q' [/users/btech/rohitv23/assignment4_2/assignment4_2.srcs/sources_1/new/reg_file.v:34]
CRITICAL WARNING: [Synth 8-6859] multi-driven net on pin Q with 2nd driver pin 'GND' [/users/btech/rohitv23/assignment4_2/assignment4_2.srcs/sources_1/new/reg_file.v:34]
CRITICAL WARNING: [Synth 8-6858] multi-driven net Q is connected to at least one constant driver which has been preserved, other driver is ignored [/users/btech/rohitv23/assignment4_2/assignment4_2.srcs/sources_1/new/reg_file.v:34]
CRITICAL WARNING: [Synth 8-6859] multi-driven net on pin Q with 1st driver pin 'registers_reg[1][24]__0/Q' [/users/btech/rohitv23/assignment4_2/assignment4_2.srcs/sources_1/new/reg_file.v:34]
CRITICAL WARNING: [Synth 8-6859] multi-driven net on pin Q with 2nd driver pin 'GND' [/users/btech/rohitv23/assignment4_2/assignment4_2.srcs/sources_1/new/reg_file.v:34]
CRITICAL WARNING: [Synth 8-6858] multi-driven net Q is connected to at least one constant driver which has been preserved, other driver is ignored [/users/btech/rohitv23/assignment4_2/assignment4_2.srcs/sources_1/new/reg_file.v:34]
CRITICAL WARNING: [Synth 8-6859] multi-driven net on pin Q with 1st driver pin 'registers_reg[1][23]__0/Q' [/users/btech/rohitv23/assignment4_2/assignment4_2.srcs/sources_1/new/reg_file.v:34]
CRITICAL WARNING: [Synth 8-6859] multi-driven net on pin Q with 2nd driver pin 'GND' [/users/btech/rohitv23/assignment4_2/assignment4_2.srcs/sources_1/new/reg_file.v:34]
CRITICAL WARNING: [Synth 8-6858] multi-driven net Q is connected to at least one constant driver which has been preserved, other driver is ignored [/users/btech/rohitv23/assignment4_2/assignment4_2.srcs/sources_1/new/reg_file.v:34]
CRITICAL WARNING: [Synth 8-6859] multi-driven net on pin Q with 1st driver pin 'registers_reg[1][22]__0/Q' [/users/btech/rohitv23/assignment4_2/assignment4_2.srcs/sources_1/new/reg_file.v:34]
CRITICAL WARNING: [Synth 8-6859] multi-driven net on pin Q with 2nd driver pin 'GND' [/users/btech/rohitv23/assignment4_2/assignment4_2.srcs/sources_1/new/reg_file.v:34]
CRITICAL WARNING: [Synth 8-6858] multi-driven net Q is connected to at least one constant driver which has been preserved, other driver is ignored [/users/btech/rohitv23/assignment4_2/assignment4_2.srcs/sources_1/new/reg_file.v:34]
CRITICAL WARNING: [Synth 8-6859] multi-driven net on pin Q with 1st driver pin 'registers_reg[1][21]__0/Q' [/users/btech/rohitv23/assignment4_2/assignment4_2.srcs/sources_1/new/reg_file.v:34]
CRITICAL WARNING: [Synth 8-6859] multi-driven net on pin Q with 2nd driver pin 'GND' [/users/btech/rohitv23/assignment4_2/assignment4_2.srcs/sources_1/new/reg_file.v:34]
CRITICAL WARNING: [Synth 8-6858] multi-driven net Q is connected to at least one constant driver which has been preserved, other driver is ignored [/users/btech/rohitv23/assignment4_2/assignment4_2.srcs/sources_1/new/reg_file.v:34]
CRITICAL WARNING: [Synth 8-6859] multi-driven net on pin Q with 1st driver pin 'registers_reg[1][20]__0/Q' [/users/btech/rohitv23/assignment4_2/assignment4_2.srcs/sources_1/new/reg_file.v:34]
CRITICAL WARNING: [Synth 8-6859] multi-driven net on pin Q with 2nd driver pin 'GND' [/users/btech/rohitv23/assignment4_2/assignment4_2.srcs/sources_1/new/reg_file.v:34]
CRITICAL WARNING: [Synth 8-6858] multi-driven net Q is connected to at least one constant driver which has been preserved, other driver is ignored [/users/btech/rohitv23/assignment4_2/assignment4_2.srcs/sources_1/new/reg_file.v:34]
CRITICAL WARNING: [Synth 8-6859] multi-driven net on pin Q with 1st driver pin 'registers_reg[1][19]__0/Q' [/users/btech/rohitv23/assignment4_2/assignment4_2.srcs/sources_1/new/reg_file.v:34]
CRITICAL WARNING: [Synth 8-6859] multi-driven net on pin Q with 2nd driver pin 'GND' [/users/btech/rohitv23/assignment4_2/assignment4_2.srcs/sources_1/new/reg_file.v:34]
CRITICAL WARNING: [Synth 8-6858] multi-driven net Q is connected to at least one constant driver which has been preserved, other driver is ignored [/users/btech/rohitv23/assignment4_2/assignment4_2.srcs/sources_1/new/reg_file.v:34]
CRITICAL WARNING: [Synth 8-6859] multi-driven net on pin Q with 1st driver pin 'registers_reg[1][18]__0/Q' [/users/btech/rohitv23/assignment4_2/assignment4_2.srcs/sources_1/new/reg_file.v:34]
CRITICAL WARNING: [Synth 8-6859] multi-driven net on pin Q with 2nd driver pin 'GND' [/users/btech/rohitv23/assignment4_2/assignment4_2.srcs/sources_1/new/reg_file.v:34]
CRITICAL WARNING: [Synth 8-6858] multi-driven net Q is connected to at least one constant driver which has been preserved, other driver is ignored [/users/btech/rohitv23/assignment4_2/assignment4_2.srcs/sources_1/new/reg_file.v:34]
CRITICAL WARNING: [Synth 8-6859] multi-driven net on pin Q with 1st driver pin 'registers_reg[1][17]__0/Q' [/users/btech/rohitv23/assignment4_2/assignment4_2.srcs/sources_1/new/reg_file.v:34]
CRITICAL WARNING: [Synth 8-6859] multi-driven net on pin Q with 2nd driver pin 'GND' [/users/btech/rohitv23/assignment4_2/assignment4_2.srcs/sources_1/new/reg_file.v:34]
CRITICAL WARNING: [Synth 8-6858] multi-driven net Q is connected to at least one constant driver which has been preserved, other driver is ignored [/users/btech/rohitv23/assignment4_2/assignment4_2.srcs/sources_1/new/reg_file.v:34]
CRITICAL WARNING: [Synth 8-6859] multi-driven net on pin Q with 1st driver pin 'registers_reg[1][16]__0/Q' [/users/btech/rohitv23/assignment4_2/assignment4_2.srcs/sources_1/new/reg_file.v:34]
CRITICAL WARNING: [Synth 8-6859] multi-driven net on pin Q with 2nd driver pin 'GND' [/users/btech/rohitv23/assignment4_2/assignment4_2.srcs/sources_1/new/reg_file.v:34]
CRITICAL WARNING: [Synth 8-6858] multi-driven net Q is connected to at least one constant driver which has been preserved, other driver is ignored [/users/btech/rohitv23/assignment4_2/assignment4_2.srcs/sources_1/new/reg_file.v:34]
CRITICAL WARNING: [Synth 8-6859] multi-driven net on pin Q with 1st driver pin 'registers_reg[1][15]__0/Q' [/users/btech/rohitv23/assignment4_2/assignment4_2.srcs/sources_1/new/reg_file.v:34]
CRITICAL WARNING: [Synth 8-6859] multi-driven net on pin Q with 2nd driver pin 'GND' [/users/btech/rohitv23/assignment4_2/assignment4_2.srcs/sources_1/new/reg_file.v:34]
CRITICAL WARNING: [Synth 8-6858] multi-driven net Q is connected to at least one constant driver which has been preserved, other driver is ignored [/users/btech/rohitv23/assignment4_2/assignment4_2.srcs/sources_1/new/reg_file.v:34]
CRITICAL WARNING: [Synth 8-6859] multi-driven net on pin Q with 1st driver pin 'registers_reg[1][14]__0/Q' [/users/btech/rohitv23/assignment4_2/assignment4_2.srcs/sources_1/new/reg_file.v:34]
CRITICAL WARNING: [Synth 8-6859] multi-driven net on pin Q with 2nd driver pin 'GND' [/users/btech/rohitv23/assignment4_2/assignment4_2.srcs/sources_1/new/reg_file.v:34]
INFO: [Common 17-14] Message 'Synth 8-6859' appears 100 times and further instances of the messages will be disabled. Use the Tcl command set_msg_config to change the current settings.
CRITICAL WARNING: [Synth 8-6858] multi-driven net Q is connected to at least one constant driver which has been preserved, other driver is ignored [/users/btech/rohitv23/assignment4_2/assignment4_2.srcs/sources_1/new/reg_file.v:34]
CRITICAL WARNING: [Synth 8-6858] multi-driven net Q is connected to at least one constant driver which has been preserved, other driver is ignored [/users/btech/rohitv23/assignment4_2/assignment4_2.srcs/sources_1/new/reg_file.v:34]
CRITICAL WARNING: [Synth 8-6858] multi-driven net Q is connected to at least one constant driver which has been preserved, other driver is ignored [/users/btech/rohitv23/assignment4_2/assignment4_2.srcs/sources_1/new/reg_file.v:34]
CRITICAL WARNING: [Synth 8-6858] multi-driven net Q is connected to at least one constant driver which has been preserved, other driver is ignored [/users/btech/rohitv23/assignment4_2/assignment4_2.srcs/sources_1/new/reg_file.v:34]
CRITICAL WARNING: [Synth 8-6858] multi-driven net Q is connected to at least one constant driver which has been preserved, other driver is ignored [/users/btech/rohitv23/assignment4_2/assignment4_2.srcs/sources_1/new/reg_file.v:34]
CRITICAL WARNING: [Synth 8-6858] multi-driven net Q is connected to at least one constant driver which has been preserved, other driver is ignored [/users/btech/rohitv23/assignment4_2/assignment4_2.srcs/sources_1/new/reg_file.v:34]
CRITICAL WARNING: [Synth 8-6858] multi-driven net Q is connected to at least one constant driver which has been preserved, other driver is ignored [/users/btech/rohitv23/assignment4_2/assignment4_2.srcs/sources_1/new/reg_file.v:34]
CRITICAL WARNING: [Synth 8-6858] multi-driven net Q is connected to at least one constant driver which has been preserved, other driver is ignored [/users/btech/rohitv23/assignment4_2/assignment4_2.srcs/sources_1/new/reg_file.v:34]
CRITICAL WARNING: [Synth 8-6858] multi-driven net Q is connected to at least one constant driver which has been preserved, other driver is ignored [/users/btech/rohitv23/assignment4_2/assignment4_2.srcs/sources_1/new/reg_file.v:34]
CRITICAL WARNING: [Synth 8-6858] multi-driven net Q is connected to at least one constant driver which has been preserved, other driver is ignored [/users/btech/rohitv23/assignment4_2/assignment4_2.srcs/sources_1/new/reg_file.v:34]
CRITICAL WARNING: [Synth 8-6858] multi-driven net Q is connected to at least one constant driver which has been preserved, other driver is ignored [/users/btech/rohitv23/assignment4_2/assignment4_2.srcs/sources_1/new/reg_file.v:34]
CRITICAL WARNING: [Synth 8-6858] multi-driven net Q is connected to at least one constant driver which has been preserved, other driver is ignored [/users/btech/rohitv23/assignment4_2/assignment4_2.srcs/sources_1/new/reg_file.v:34]
CRITICAL WARNING: [Synth 8-6858] multi-driven net Q is connected to at least one constant driver which has been preserved, other driver is ignored [/users/btech/rohitv23/assignment4_2/assignment4_2.srcs/sources_1/new/reg_file.v:34]
CRITICAL WARNING: [Synth 8-6858] multi-driven net Q is connected to at least one constant driver which has been preserved, other driver is ignored [/users/btech/rohitv23/assignment4_2/assignment4_2.srcs/sources_1/new/reg_file.v:34]
CRITICAL WARNING: [Synth 8-6858] multi-driven net Q is connected to at least one constant driver which has been preserved, other driver is ignored [/users/btech/rohitv23/assignment4_2/assignment4_2.srcs/sources_1/new/reg_file.v:34]
CRITICAL WARNING: [Synth 8-6858] multi-driven net Q is connected to at least one constant driver which has been preserved, other driver is ignored [/users/btech/rohitv23/assignment4_2/assignment4_2.srcs/sources_1/new/reg_file.v:34]
CRITICAL WARNING: [Synth 8-6858] multi-driven net Q is connected to at least one constant driver which has been preserved, other driver is ignored [/users/btech/rohitv23/assignment4_2/assignment4_2.srcs/sources_1/new/reg_file.v:34]
CRITICAL WARNING: [Synth 8-6858] multi-driven net Q is connected to at least one constant driver which has been preserved, other driver is ignored [/users/btech/rohitv23/assignment4_2/assignment4_2.srcs/sources_1/new/reg_file.v:34]
CRITICAL WARNING: [Synth 8-6858] multi-driven net Q is connected to at least one constant driver which has been preserved, other driver is ignored [/users/btech/rohitv23/assignment4_2/assignment4_2.srcs/sources_1/new/reg_file.v:34]
CRITICAL WARNING: [Synth 8-6858] multi-driven net Q is connected to at least one constant driver which has been preserved, other driver is ignored [/users/btech/rohitv23/assignment4_2/assignment4_2.srcs/sources_1/new/reg_file.v:34]
CRITICAL WARNING: [Synth 8-6858] multi-driven net Q is connected to at least one constant driver which has been preserved, other driver is ignored [/users/btech/rohitv23/assignment4_2/assignment4_2.srcs/sources_1/new/reg_file.v:34]
CRITICAL WARNING: [Synth 8-6858] multi-driven net Q is connected to at least one constant driver which has been preserved, other driver is ignored [/users/btech/rohitv23/assignment4_2/assignment4_2.srcs/sources_1/new/reg_file.v:34]
CRITICAL WARNING: [Synth 8-6858] multi-driven net Q is connected to at least one constant driver which has been preserved, other driver is ignored [/users/btech/rohitv23/assignment4_2/assignment4_2.srcs/sources_1/new/reg_file.v:34]
CRITICAL WARNING: [Synth 8-6858] multi-driven net Q is connected to at least one constant driver which has been preserved, other driver is ignored [/users/btech/rohitv23/assignment4_2/assignment4_2.srcs/sources_1/new/reg_file.v:34]
CRITICAL WARNING: [Synth 8-6858] multi-driven net Q is connected to at least one constant driver which has been preserved, other driver is ignored [/users/btech/rohitv23/assignment4_2/assignment4_2.srcs/sources_1/new/reg_file.v:34]
CRITICAL WARNING: [Synth 8-6858] multi-driven net Q is connected to at least one constant driver which has been preserved, other driver is ignored [/users/btech/rohitv23/assignment4_2/assignment4_2.srcs/sources_1/new/reg_file.v:34]
CRITICAL WARNING: [Synth 8-6858] multi-driven net Q is connected to at least one constant driver which has been preserved, other driver is ignored [/users/btech/rohitv23/assignment4_2/assignment4_2.srcs/sources_1/new/reg_file.v:34]
CRITICAL WARNING: [Synth 8-6858] multi-driven net Q is connected to at least one constant driver which has been preserved, other driver is ignored [/users/btech/rohitv23/assignment4_2/assignment4_2.srcs/sources_1/new/reg_file.v:34]
CRITICAL WARNING: [Synth 8-6858] multi-driven net Q is connected to at least one constant driver which has been preserved, other driver is ignored [/users/btech/rohitv23/assignment4_2/assignment4_2.srcs/sources_1/new/reg_file.v:34]
CRITICAL WARNING: [Synth 8-6858] multi-driven net Q is connected to at least one constant driver which has been preserved, other driver is ignored [/users/btech/rohitv23/assignment4_2/assignment4_2.srcs/sources_1/new/reg_file.v:34]
CRITICAL WARNING: [Synth 8-6858] multi-driven net Q is connected to at least one constant driver which has been preserved, other driver is ignored [/users/btech/rohitv23/assignment4_2/assignment4_2.srcs/sources_1/new/reg_file.v:34]
CRITICAL WARNING: [Synth 8-6858] multi-driven net Q is connected to at least one constant driver which has been preserved, other driver is ignored [/users/btech/rohitv23/assignment4_2/assignment4_2.srcs/sources_1/new/reg_file.v:34]
CRITICAL WARNING: [Synth 8-6858] multi-driven net Q is connected to at least one constant driver which has been preserved, other driver is ignored [/users/btech/rohitv23/assignment4_2/assignment4_2.srcs/sources_1/new/reg_file.v:34]
CRITICAL WARNING: [Synth 8-6858] multi-driven net Q is connected to at least one constant driver which has been preserved, other driver is ignored [/users/btech/rohitv23/assignment4_2/assignment4_2.srcs/sources_1/new/reg_file.v:34]
CRITICAL WARNING: [Synth 8-6858] multi-driven net Q is connected to at least one constant driver which has been preserved, other driver is ignored [/users/btech/rohitv23/assignment4_2/assignment4_2.srcs/sources_1/new/reg_file.v:34]
CRITICAL WARNING: [Synth 8-6858] multi-driven net Q is connected to at least one constant driver which has been preserved, other driver is ignored [/users/btech/rohitv23/assignment4_2/assignment4_2.srcs/sources_1/new/reg_file.v:34]
CRITICAL WARNING: [Synth 8-6858] multi-driven net Q is connected to at least one constant driver which has been preserved, other driver is ignored [/users/btech/rohitv23/assignment4_2/assignment4_2.srcs/sources_1/new/reg_file.v:34]
CRITICAL WARNING: [Synth 8-6858] multi-driven net Q is connected to at least one constant driver which has been preserved, other driver is ignored [/users/btech/rohitv23/assignment4_2/assignment4_2.srcs/sources_1/new/reg_file.v:34]
CRITICAL WARNING: [Synth 8-6858] multi-driven net Q is connected to at least one constant driver which has been preserved, other driver is ignored [/users/btech/rohitv23/assignment4_2/assignment4_2.srcs/sources_1/new/reg_file.v:34]
CRITICAL WARNING: [Synth 8-6858] multi-driven net Q is connected to at least one constant driver which has been preserved, other driver is ignored [/users/btech/rohitv23/assignment4_2/assignment4_2.srcs/sources_1/new/reg_file.v:34]
CRITICAL WARNING: [Synth 8-6858] multi-driven net Q is connected to at least one constant driver which has been preserved, other driver is ignored [/users/btech/rohitv23/assignment4_2/assignment4_2.srcs/sources_1/new/reg_file.v:34]
CRITICAL WARNING: [Synth 8-6858] multi-driven net Q is connected to at least one constant driver which has been preserved, other driver is ignored [/users/btech/rohitv23/assignment4_2/assignment4_2.srcs/sources_1/new/reg_file.v:34]
CRITICAL WARNING: [Synth 8-6858] multi-driven net Q is connected to at least one constant driver which has been preserved, other driver is ignored [/users/btech/rohitv23/assignment4_2/assignment4_2.srcs/sources_1/new/reg_file.v:34]
CRITICAL WARNING: [Synth 8-6858] multi-driven net Q is connected to at least one constant driver which has been preserved, other driver is ignored [/users/btech/rohitv23/assignment4_2/assignment4_2.srcs/sources_1/new/reg_file.v:34]
CRITICAL WARNING: [Synth 8-6858] multi-driven net Q is connected to at least one constant driver which has been preserved, other driver is ignored [/users/btech/rohitv23/assignment4_2/assignment4_2.srcs/sources_1/new/reg_file.v:34]
CRITICAL WARNING: [Synth 8-6858] multi-driven net Q is connected to at least one constant driver which has been preserved, other driver is ignored [/users/btech/rohitv23/assignment4_2/assignment4_2.srcs/sources_1/new/reg_file.v:34]
CRITICAL WARNING: [Synth 8-6858] multi-driven net Q is connected to at least one constant driver which has been preserved, other driver is ignored [/users/btech/rohitv23/assignment4_2/assignment4_2.srcs/sources_1/new/reg_file.v:34]
CRITICAL WARNING: [Synth 8-6858] multi-driven net Q is connected to at least one constant driver which has been preserved, other driver is ignored [/users/btech/rohitv23/assignment4_2/assignment4_2.srcs/sources_1/new/reg_file.v:34]
CRITICAL WARNING: [Synth 8-6858] multi-driven net Q is connected to at least one constant driver which has been preserved, other driver is ignored [/users/btech/rohitv23/assignment4_2/assignment4_2.srcs/sources_1/new/reg_file.v:34]
CRITICAL WARNING: [Synth 8-6858] multi-driven net Q is connected to at least one constant driver which has been preserved, other driver is ignored [/users/btech/rohitv23/assignment4_2/assignment4_2.srcs/sources_1/new/reg_file.v:34]
CRITICAL WARNING: [Synth 8-6858] multi-driven net Q is connected to at least one constant driver which has been preserved, other driver is ignored [/users/btech/rohitv23/assignment4_2/assignment4_2.srcs/sources_1/new/reg_file.v:34]
INFO: [Common 17-14] Message 'Synth 8-6858' appears 100 times and further instances of the messages will be disabled. Use the Tcl command set_msg_config to change the current settings.
---------------------------------------------------------------------------------
Finished Cross Boundary and Area Optimization : Time (s): cpu = 00:00:07 ; elapsed = 00:00:07 . Memory (MB): peak = 2663.375 ; gain = 638.523 ; free physical = 22048 ; free virtual = 27735
Synthesis current peak Physical Memory [PSS] (MB): peak = 2082.677; parent = 1870.806; children = 212.232
Synthesis current peak Virtual Memory [VSS] (MB): peak = 3633.148; parent = 2663.379; children = 969.770
---------------------------------------------------------------------------------
No constraint files found.
---------------------------------------------------------------------------------
Start Timing Optimization
---------------------------------------------------------------------------------
---------------------------------------------------------------------------------
Finished Timing Optimization : Time (s): cpu = 00:00:07 ; elapsed = 00:00:07 . Memory (MB): peak = 2663.375 ; gain = 638.523 ; free physical = 22042 ; free virtual = 27729
Synthesis current peak Physical Memory [PSS] (MB): peak = 2085.146; parent = 1873.274; children = 212.232
Synthesis current peak Virtual Memory [VSS] (MB): peak = 3633.148; parent = 2663.379; children = 969.770
---------------------------------------------------------------------------------
---------------------------------------------------------------------------------
Start Technology Mapping
---------------------------------------------------------------------------------
---------------------------------------------------------------------------------
Finished Technology Mapping : Time (s): cpu = 00:00:07 ; elapsed = 00:00:07 . Memory (MB): peak = 2663.375 ; gain = 638.523 ; free physical = 22044 ; free virtual = 27731
Synthesis current peak Physical Memory [PSS] (MB): peak = 2086.009; parent = 1874.146; children = 212.232
Synthesis current peak Virtual Memory [VSS] (MB): peak = 3633.148; parent = 2663.379; children = 969.770
---------------------------------------------------------------------------------
---------------------------------------------------------------------------------
Start IO Insertion
---------------------------------------------------------------------------------
---------------------------------------------------------------------------------
Start Flattening Before IO Insertion
---------------------------------------------------------------------------------
---------------------------------------------------------------------------------
Finished Flattening Before IO Insertion
---------------------------------------------------------------------------------
---------------------------------------------------------------------------------
Start Final Netlist Cleanup
---------------------------------------------------------------------------------
---------------------------------------------------------------------------------
Finished Final Netlist Cleanup
---------------------------------------------------------------------------------
---------------------------------------------------------------------------------
Finished IO Insertion : Time (s): cpu = 00:00:08 ; elapsed = 00:00:09 . Memory (MB): peak = 2663.375 ; gain = 638.523 ; free physical = 22044 ; free virtual = 27731
Synthesis current peak Physical Memory [PSS] (MB): peak = 2086.165; parent = 1874.302; children = 212.232
Synthesis current peak Virtual Memory [VSS] (MB): peak = 3633.148; parent = 2663.379; children = 969.770
---------------------------------------------------------------------------------
---------------------------------------------------------------------------------
Start Renaming Generated Instances
---------------------------------------------------------------------------------
---------------------------------------------------------------------------------
Finished Renaming Generated Instances : Time (s): cpu = 00:00:08 ; elapsed = 00:00:09 . Memory (MB): peak = 2663.375 ; gain = 638.523 ; free physical = 22044 ; free virtual = 27731
Synthesis current peak Physical Memory [PSS] (MB): peak = 2086.181; parent = 1874.317; children = 212.232
Synthesis current peak Virtual Memory [VSS] (MB): peak = 3633.148; parent = 2663.379; children = 969.770
---------------------------------------------------------------------------------
---------------------------------------------------------------------------------
Start Rebuilding User Hierarchy
---------------------------------------------------------------------------------
---------------------------------------------------------------------------------
Finished Rebuilding User Hierarchy : Time (s): cpu = 00:00:08 ; elapsed = 00:00:09 . Memory (MB): peak = 2663.375 ; gain = 638.523 ; free physical = 22044 ; free virtual = 27731
Synthesis current peak Physical Memory [PSS] (MB): peak = 2086.271; parent = 1874.407; children = 212.232
Synthesis current peak Virtual Memory [VSS] (MB): peak = 3633.148; parent = 2663.379; children = 969.770
---------------------------------------------------------------------------------
---------------------------------------------------------------------------------
Start Renaming Generated Ports
---------------------------------------------------------------------------------
---------------------------------------------------------------------------------
Finished Renaming Generated Ports : Time (s): cpu = 00:00:08 ; elapsed = 00:00:09 . Memory (MB): peak = 2663.375 ; gain = 638.523 ; free physical = 22044 ; free virtual = 27731
Synthesis current peak Physical Memory [PSS] (MB): peak = 2086.349; parent = 1874.485; children = 212.232
Synthesis current peak Virtual Memory [VSS] (MB): peak = 3633.148; parent = 2663.379; children = 969.770
---------------------------------------------------------------------------------
---------------------------------------------------------------------------------
Start Handling Custom Attributes
---------------------------------------------------------------------------------
---------------------------------------------------------------------------------
Finished Handling Custom Attributes : Time (s): cpu = 00:00:08 ; elapsed = 00:00:09 . Memory (MB): peak = 2663.375 ; gain = 638.523 ; free physical = 22044 ; free virtual = 27731
Synthesis current peak Physical Memory [PSS] (MB): peak = 2086.364; parent = 1874.501; children = 212.232
Synthesis current peak Virtual Memory [VSS] (MB): peak = 3633.148; parent = 2663.379; children = 969.770
---------------------------------------------------------------------------------
---------------------------------------------------------------------------------
Start Renaming Generated Nets
---------------------------------------------------------------------------------
---------------------------------------------------------------------------------
Finished Renaming Generated Nets : Time (s): cpu = 00:00:08 ; elapsed = 00:00:09 . Memory (MB): peak = 2663.375 ; gain = 638.523 ; free physical = 22044 ; free virtual = 27731
Synthesis current peak Physical Memory [PSS] (MB): peak = 2086.380; parent = 1874.517; children = 212.232
Synthesis current peak Virtual Memory [VSS] (MB): peak = 3633.148; parent = 2663.379; children = 969.770
---------------------------------------------------------------------------------
---------------------------------------------------------------------------------
Start Writing Synthesis Report
---------------------------------------------------------------------------------

Report BlackBoxes: 
+-+--------------+----------+
| |BlackBox name |Instances |
+-+--------------+----------+
+-+--------------+----------+

Report Cell Usage: 
+------+-----+------+
|      |Cell |Count |
+------+-----+------+
|1     |OBUF |    64|
+------+-----+------+

Report Instance Areas: 
+------+---------+-------+------+
|      |Instance |Module |Cells |
+------+---------+-------+------+
|1     |top      |       |    64|
+------+---------+-------+------+
---------------------------------------------------------------------------------
Finished Writing Synthesis Report : Time (s): cpu = 00:00:08 ; elapsed = 00:00:09 . Memory (MB): peak = 2663.375 ; gain = 638.523 ; free physical = 22044 ; free virtual = 27731
Synthesis current peak Physical Memory [PSS] (MB): peak = 2086.411; parent = 1874.548; children = 212.232
Synthesis current peak Virtual Memory [VSS] (MB): peak = 3633.148; parent = 2663.379; children = 969.770
---------------------------------------------------------------------------------
Synthesis finished with 0 errors, 3072 critical warnings and 1 warnings.
Synthesis Optimization Runtime : Time (s): cpu = 00:00:08 ; elapsed = 00:00:09 . Memory (MB): peak = 2663.375 ; gain = 638.523 ; free physical = 22044 ; free virtual = 27731
Synthesis Optimization Complete : Time (s): cpu = 00:00:08 ; elapsed = 00:00:09 . Memory (MB): peak = 2663.383 ; gain = 638.523 ; free physical = 22044 ; free virtual = 27731
INFO: [Project 1-571] Translating synthesized netlist
Netlist sorting complete. Time (s): cpu = 00:00:00 ; elapsed = 00:00:00 . Memory (MB): peak = 2669.520 ; gain = 0.000 ; free physical = 22147 ; free virtual = 27836
INFO: [Project 1-570] Preparing netlist for logic optimization
INFO: [Opt 31-138] Pushed 0 inverter(s) to 0 load pin(s).
Netlist sorting complete. Time (s): cpu = 00:00:00 ; elapsed = 00:00:00 . Memory (MB): peak = 2753.113 ; gain = 0.000 ; free physical = 22057 ; free virtual = 27760
INFO: [Project 1-111] Unisim Transformation Summary:
No Unisim elements were transformed.

Synth Design complete, checksum: 200ad7d2
INFO: [Common 17-83] Releasing license: Synthesis
16 Infos, 1 Warnings, 200 Critical Warnings and 0 Errors encountered.
synth_design completed successfully
synth_design: Time (s): cpu = 00:00:11 ; elapsed = 00:00:10 . Memory (MB): peak = 2753.113 ; gain = 752.074 ; free physical = 22270 ; free virtual = 27973
INFO: [runtcl-6] Synthesis results are not added to the cache due to CRITICAL_WARNING
INFO: [Common 17-1381] The checkpoint '/users/btech/rohitv23/assignment4_2/assignment4_2.runs/synth_1/register_file_32x32.dcp' has been generated.
INFO: [runtcl-4] Executing : report_utilization -file register_file_32x32_utilization_synth.rpt -pb register_file_32x32_utilization_synth.pb
INFO: [Common 17-206] Exiting Vivado at Mon Feb  3 16:11:02 2025...
