
*** Running vivado
    with args -log fms.vdi -applog -m64 -product Vivado -messageDb vivado.pb -mode batch -source fms.tcl -notrace


****** Vivado v2022.2 (64-bit)
  **** SW Build 3671981 on Fri Oct 14 04:59:54 MDT 2022
  **** IP Build 3669848 on Fri Oct 14 08:30:02 MDT 2022
    ** Copyright 1986-2022 Xilinx, Inc. All Rights Reserved.

source fms.tcl -notrace
Command: link_design -top fms -part xc7z020clg400-1
Design is defaulting to srcset: sources_1
Design is defaulting to constrset: constrs_1
INFO: [Device 21-403] Loading part xc7z020clg400-1
Netlist sorting complete. Time (s): cpu = 00:00:00 ; elapsed = 00:00:00 . Memory (MB): peak = 2362.762 ; gain = 0.000 ; free physical = 21305 ; free virtual = 27405
INFO: [Project 1-479] Netlist was created with Vivado 2022.2
INFO: [Project 1-570] Preparing netlist for logic optimization
Netlist sorting complete. Time (s): cpu = 00:00:00 ; elapsed = 00:00:00 . Memory (MB): peak = 2430.543 ; gain = 0.000 ; free physical = 21209 ; free virtual = 27309
INFO: [Project 1-111] Unisim Transformation Summary:
No Unisim elements were transformed.

4 Infos, 0 Warnings, 0 Critical Warnings and 0 Errors encountered.
link_design completed successfully
Command: opt_design
Attempting to get a license for feature 'Implementation' and/or device 'xc7z020'
INFO: [Common 17-349] Got license for feature 'Implementation' and/or device 'xc7z020'
Running DRC as a precondition to command opt_design

Starting DRC Task
INFO: [DRC 23-27] Running DRC with 8 threads
INFO: [Project 1-461] DRC finished with 0 Errors
INFO: [Project 1-462] Please refer to the DRC report (report_drc) for more information.

Time (s): cpu = 00:00:00.65 ; elapsed = 00:00:00.42 . Memory (MB): peak = 2547.168 ; gain = 88.812 ; free physical = 21194 ; free virtual = 27294

Starting Cache Timing Information Task
INFO: [Timing 38-35] Done setting XDC timing constraints.
Ending Cache Timing Information Task | Checksum: 166c81a97

Time (s): cpu = 00:00:04 ; elapsed = 00:00:04 . Memory (MB): peak = 2982.027 ; gain = 434.859 ; free physical = 20824 ; free virtual = 26924

Starting Logic Optimization Task

Phase 1 Retarget
INFO: [Opt 31-138] Pushed 0 inverter(s) to 0 load pin(s).
INFO: [Opt 31-49] Retargeted 0 cell(s).
Phase 1 Retarget | Checksum: 166c81a97

Time (s): cpu = 00:00:00.02 ; elapsed = 00:00:00.02 . Memory (MB): peak = 3261.887 ; gain = 0.000 ; free physical = 20573 ; free virtual = 26673
INFO: [Opt 31-389] Phase Retarget created 0 cells and removed 0 cells

Phase 2 Constant propagation
INFO: [Opt 31-138] Pushed 0 inverter(s) to 0 load pin(s).
Phase 2 Constant propagation | Checksum: 166c81a97

Time (s): cpu = 00:00:00.02 ; elapsed = 00:00:00.02 . Memory (MB): peak = 3261.887 ; gain = 0.000 ; free physical = 20573 ; free virtual = 26673
INFO: [Opt 31-389] Phase Constant propagation created 0 cells and removed 0 cells

Phase 3 Sweep
Phase 3 Sweep | Checksum: 166c81a97

Time (s): cpu = 00:00:00.02 ; elapsed = 00:00:00.02 . Memory (MB): peak = 3261.887 ; gain = 0.000 ; free physical = 20573 ; free virtual = 26673
INFO: [Opt 31-389] Phase Sweep created 0 cells and removed 0 cells

Phase 4 BUFG optimization
Phase 4 BUFG optimization | Checksum: 166c81a97

Time (s): cpu = 00:00:00.02 ; elapsed = 00:00:00.02 . Memory (MB): peak = 3293.902 ; gain = 32.016 ; free physical = 20573 ; free virtual = 26673
INFO: [Opt 31-662] Phase BUFG optimization created 0 cells of which 0 are BUFGs and removed 0 cells.

Phase 5 Shift Register Optimization
INFO: [Opt 31-1064] SRL Remap converted 0 SRLs to 0 registers and converted 0 registers of register chains to 0 SRLs
Phase 5 Shift Register Optimization | Checksum: 166c81a97

Time (s): cpu = 00:00:00.02 ; elapsed = 00:00:00.02 . Memory (MB): peak = 3293.902 ; gain = 32.016 ; free physical = 20573 ; free virtual = 26673
INFO: [Opt 31-389] Phase Shift Register Optimization created 0 cells and removed 0 cells

Phase 6 Post Processing Netlist
Phase 6 Post Processing Netlist | Checksum: 166c81a97

Time (s): cpu = 00:00:00.02 ; elapsed = 00:00:00.02 . Memory (MB): peak = 3293.902 ; gain = 32.016 ; free physical = 20573 ; free virtual = 26673
INFO: [Opt 31-389] Phase Post Processing Netlist created 0 cells and removed 0 cells
Opt_design Change Summary
=========================


-------------------------------------------------------------------------------------------------------------------------
|  Phase                        |  #Cells created  |  #Cells Removed  |  #Constrained objects preventing optimizations  |
-------------------------------------------------------------------------------------------------------------------------
|  Retarget                     |               0  |               0  |                                              0  |
|  Constant propagation         |               0  |               0  |                                              0  |
|  Sweep                        |               0  |               0  |                                              0  |
|  BUFG optimization            |               0  |               0  |                                              0  |
|  Shift Register Optimization  |               0  |               0  |                                              0  |
|  Post Processing Netlist      |               0  |               0  |                                              0  |
-------------------------------------------------------------------------------------------------------------------------



Starting Connectivity Check Task

Time (s): cpu = 00:00:00 ; elapsed = 00:00:00 . Memory (MB): peak = 3293.902 ; gain = 0.000 ; free physical = 20573 ; free virtual = 26673
Ending Logic Optimization Task | Checksum: 166c81a97

Time (s): cpu = 00:00:00.03 ; elapsed = 00:00:00.03 . Memory (MB): peak = 3293.902 ; gain = 32.016 ; free physical = 20573 ; free virtual = 26673

Starting Power Optimization Task
INFO: [Pwropt 34-132] Skipping clock gating for clocks with a period < 2.00 ns.
Ending Power Optimization Task | Checksum: 166c81a97

Time (s): cpu = 00:00:00.01 ; elapsed = 00:00:00.01 . Memory (MB): peak = 3293.902 ; gain = 0.000 ; free physical = 20572 ; free virtual = 26672

Starting Final Cleanup Task
Ending Final Cleanup Task | Checksum: 166c81a97

Time (s): cpu = 00:00:00 ; elapsed = 00:00:00 . Memory (MB): peak = 3293.902 ; gain = 0.000 ; free physical = 20572 ; free virtual = 26672

Starting Netlist Obfuscation Task
Netlist sorting complete. Time (s): cpu = 00:00:00 ; elapsed = 00:00:00 . Memory (MB): peak = 3293.902 ; gain = 0.000 ; free physical = 20572 ; free virtual = 26672
Ending Netlist Obfuscation Task | Checksum: 166c81a97

Time (s): cpu = 00:00:00 ; elapsed = 00:00:00 . Memory (MB): peak = 3293.902 ; gain = 0.000 ; free physical = 20572 ; free virtual = 26672
INFO: [Common 17-83] Releasing license: Implementation
21 Infos, 0 Warnings, 0 Critical Warnings and 0 Errors encountered.
opt_design completed successfully
opt_design: Time (s): cpu = 00:00:06 ; elapsed = 00:00:06 . Memory (MB): peak = 3293.902 ; gain = 835.547 ; free physical = 20572 ; free virtual = 26672
INFO: [Common 17-1381] The checkpoint '/users/btech/rohitv23/assignment3_monday2/assignment3_monday2.runs/impl_1/fms_opt.dcp' has been generated.
INFO: [runtcl-4] Executing : report_drc -file fms_drc_opted.rpt -pb fms_drc_opted.pb -rpx fms_drc_opted.rpx
Command: report_drc -file fms_drc_opted.rpt -pb fms_drc_opted.pb -rpx fms_drc_opted.rpx
INFO: [IP_Flow 19-234] Refreshing IP repositories
INFO: [IP_Flow 19-1704] No user IP repositories specified
INFO: [IP_Flow 19-2313] Loaded Vivado IP repository '/tools/Xilinx/Vivado/2022.2/data/ip'.
INFO: [DRC 23-27] Running DRC with 8 threads
INFO: [Vivado_Tcl 2-168] The results of DRC are in file /users/btech/rohitv23/assignment3_monday2/assignment3_monday2.runs/impl_1/fms_drc_opted.rpt.
report_drc completed successfully
Command: place_design
Attempting to get a license for feature 'Implementation' and/or device 'xc7z020'
INFO: [Common 17-349] Got license for feature 'Implementation' and/or device 'xc7z020'
INFO: [DRC 23-27] Running DRC with 8 threads
INFO: [Vivado_Tcl 4-198] DRC finished with 0 Errors
INFO: [Vivado_Tcl 4-199] Please refer to the DRC report (report_drc) for more information.
Running DRC as a precondition to command place_design
INFO: [DRC 23-27] Running DRC with 8 threads
INFO: [Vivado_Tcl 4-198] DRC finished with 0 Errors
INFO: [Vivado_Tcl 4-199] Please refer to the DRC report (report_drc) for more information.

Starting Placer Task
INFO: [Place 30-611] Multithreading enabled for place_design using a maximum of 8 CPUs

Phase 1 Placer Initialization

Phase 1.1 Placer Initialization Netlist Sorting
Netlist sorting complete. Time (s): cpu = 00:00:00 ; elapsed = 00:00:00 . Memory (MB): peak = 3389.949 ; gain = 0.000 ; free physical = 20546 ; free virtual = 26646
Phase 1.1 Placer Initialization Netlist Sorting | Checksum: 8266bd29

Time (s): cpu = 00:00:00 ; elapsed = 00:00:00.05 . Memory (MB): peak = 3389.949 ; gain = 0.000 ; free physical = 20546 ; free virtual = 26646
Netlist sorting complete. Time (s): cpu = 00:00:00 ; elapsed = 00:00:00 . Memory (MB): peak = 3389.949 ; gain = 0.000 ; free physical = 20546 ; free virtual = 26646

Phase 1.2 IO Placement/ Clock Placement/ Build Placer Device
INFO: [Timing 38-35] Done setting XDC timing constraints.
Phase 1.2 IO Placement/ Clock Placement/ Build Placer Device | Checksum: f49e5056

Time (s): cpu = 00:00:00.38 ; elapsed = 00:00:00.16 . Memory (MB): peak = 3389.949 ; gain = 0.000 ; free physical = 20532 ; free virtual = 26632

Phase 1.3 Build Placer Netlist Model
Phase 1.3 Build Placer Netlist Model | Checksum: 1b9ecdaad

Time (s): cpu = 00:00:00.46 ; elapsed = 00:00:00.17 . Memory (MB): peak = 3389.949 ; gain = 0.000 ; free physical = 20531 ; free virtual = 26631

Phase 1.4 Constrain Clocks/Macros
Phase 1.4 Constrain Clocks/Macros | Checksum: 1b9ecdaad

Time (s): cpu = 00:00:00.46 ; elapsed = 00:00:00.17 . Memory (MB): peak = 3389.949 ; gain = 0.000 ; free physical = 20531 ; free virtual = 26631
Phase 1 Placer Initialization | Checksum: 1b9ecdaad

Time (s): cpu = 00:00:00.46 ; elapsed = 00:00:00.17 . Memory (MB): peak = 3389.949 ; gain = 0.000 ; free physical = 20530 ; free virtual = 26630

Phase 2 Global Placement

Phase 2.1 Floorplanning
Phase 2.1 Floorplanning | Checksum: 1b9ecdaad

Time (s): cpu = 00:00:00.46 ; elapsed = 00:00:00.17 . Memory (MB): peak = 3389.949 ; gain = 0.000 ; free physical = 20529 ; free virtual = 26629

Phase 2.2 Update Timing before SLR Path Opt
Phase 2.2 Update Timing before SLR Path Opt | Checksum: 1b9ecdaad

Time (s): cpu = 00:00:00.46 ; elapsed = 00:00:00.17 . Memory (MB): peak = 3389.949 ; gain = 0.000 ; free physical = 20529 ; free virtual = 26629

Phase 2.3 Post-Processing in Floorplanning
Phase 2.3 Post-Processing in Floorplanning | Checksum: 1b9ecdaad

Time (s): cpu = 00:00:00.46 ; elapsed = 00:00:00.17 . Memory (MB): peak = 3389.949 ; gain = 0.000 ; free physical = 20529 ; free virtual = 26629

Phase 2.4 Global Placement Core
WARNING: [Place 46-29] Timing had been disabled during Placer and, therefore, physical synthesis in Placer will be skipped.
Phase 2.4 Global Placement Core | Checksum: 147e71a4f

Time (s): cpu = 00:00:01 ; elapsed = 00:00:00.25 . Memory (MB): peak = 3405.957 ; gain = 16.008 ; free physical = 20497 ; free virtual = 26597
Phase 2 Global Placement | Checksum: 147e71a4f

Time (s): cpu = 00:00:01 ; elapsed = 00:00:00.26 . Memory (MB): peak = 3405.957 ; gain = 16.008 ; free physical = 20497 ; free virtual = 26597

Phase 3 Detail Placement

Phase 3.1 Commit Multi Column Macros
Phase 3.1 Commit Multi Column Macros | Checksum: 147e71a4f

Time (s): cpu = 00:00:01 ; elapsed = 00:00:00.26 . Memory (MB): peak = 3405.957 ; gain = 16.008 ; free physical = 20497 ; free virtual = 26597

Phase 3.2 Commit Most Macros & LUTRAMs
Phase 3.2 Commit Most Macros & LUTRAMs | Checksum: 13ed51029

Time (s): cpu = 00:00:01 ; elapsed = 00:00:00.26 . Memory (MB): peak = 3405.957 ; gain = 16.008 ; free physical = 20497 ; free virtual = 26597

Phase 3.3 Area Swap Optimization
Phase 3.3 Area Swap Optimization | Checksum: 1ac3fe38b

Time (s): cpu = 00:00:01 ; elapsed = 00:00:00.26 . Memory (MB): peak = 3405.957 ; gain = 16.008 ; free physical = 20497 ; free virtual = 26597

Phase 3.4 Pipeline Register Optimization
Phase 3.4 Pipeline Register Optimization | Checksum: 1ac3fe38b

Time (s): cpu = 00:00:01 ; elapsed = 00:00:00.26 . Memory (MB): peak = 3405.957 ; gain = 16.008 ; free physical = 20497 ; free virtual = 26597

Phase 3.5 Small Shape Detail Placement
Phase 3.5 Small Shape Detail Placement | Checksum: 117ee9e0a

Time (s): cpu = 00:00:02 ; elapsed = 00:00:00.32 . Memory (MB): peak = 3405.957 ; gain = 16.008 ; free physical = 20493 ; free virtual = 26593

Phase 3.6 Re-assign LUT pins
Phase 3.6 Re-assign LUT pins | Checksum: 117ee9e0a

Time (s): cpu = 00:00:02 ; elapsed = 00:00:00.32 . Memory (MB): peak = 3405.957 ; gain = 16.008 ; free physical = 20493 ; free virtual = 26593

Phase 3.7 Pipeline Register Optimization
Phase 3.7 Pipeline Register Optimization | Checksum: 117ee9e0a

Time (s): cpu = 00:00:02 ; elapsed = 00:00:00.32 . Memory (MB): peak = 3405.957 ; gain = 16.008 ; free physical = 20493 ; free virtual = 26593
Phase 3 Detail Placement | Checksum: 117ee9e0a

Time (s): cpu = 00:00:02 ; elapsed = 00:00:00.32 . Memory (MB): peak = 3405.957 ; gain = 16.008 ; free physical = 20493 ; free virtual = 26593

Phase 4 Post Placement Optimization and Clean-Up

Phase 4.1 Post Commit Optimization
Phase 4.1 Post Commit Optimization | Checksum: 117ee9e0a

Time (s): cpu = 00:00:02 ; elapsed = 00:00:00.34 . Memory (MB): peak = 3405.957 ; gain = 16.008 ; free physical = 20493 ; free virtual = 26593

Phase 4.2 Post Placement Cleanup
Phase 4.2 Post Placement Cleanup | Checksum: 117ee9e0a

Time (s): cpu = 00:00:02 ; elapsed = 00:00:00.34 . Memory (MB): peak = 3405.957 ; gain = 16.008 ; free physical = 20495 ; free virtual = 26595

Phase 4.3 Placer Reporting

Phase 4.3.1 Print Estimated Congestion
INFO: [Place 30-612] Post-Placement Estimated Congestion 
 ____________________________________________________
|           | Global Congestion | Short Congestion  |
| Direction | Region Size       | Region Size       |
|___________|___________________|___________________|
|      North|                1x1|                1x1|
|___________|___________________|___________________|
|      South|                1x1|                1x1|
|___________|___________________|___________________|
|       East|                1x1|                1x1|
|___________|___________________|___________________|
|       West|                1x1|                1x1|
|___________|___________________|___________________|

Phase 4.3.1 Print Estimated Congestion | Checksum: 117ee9e0a

Time (s): cpu = 00:00:02 ; elapsed = 00:00:00.34 . Memory (MB): peak = 3405.957 ; gain = 16.008 ; free physical = 20495 ; free virtual = 26595
Phase 4.3 Placer Reporting | Checksum: 117ee9e0a

Time (s): cpu = 00:00:02 ; elapsed = 00:00:00.34 . Memory (MB): peak = 3405.957 ; gain = 16.008 ; free physical = 20495 ; free virtual = 26595

Phase 4.4 Final Placement Cleanup
Netlist sorting complete. Time (s): cpu = 00:00:00 ; elapsed = 00:00:00 . Memory (MB): peak = 3405.957 ; gain = 0.000 ; free physical = 20495 ; free virtual = 26595

Time (s): cpu = 00:00:02 ; elapsed = 00:00:00.34 . Memory (MB): peak = 3405.957 ; gain = 16.008 ; free physical = 20495 ; free virtual = 26595
Phase 4 Post Placement Optimization and Clean-Up | Checksum: 14198952e

Time (s): cpu = 00:00:02 ; elapsed = 00:00:00.34 . Memory (MB): peak = 3405.957 ; gain = 16.008 ; free physical = 20495 ; free virtual = 26595
Ending Placer Task | Checksum: db1be9b6

Time (s): cpu = 00:00:02 ; elapsed = 00:00:00.34 . Memory (MB): peak = 3405.957 ; gain = 16.008 ; free physical = 20495 ; free virtual = 26595
INFO: [Common 17-83] Releasing license: Implementation
39 Infos, 1 Warnings, 0 Critical Warnings and 0 Errors encountered.
place_design completed successfully
Writing XDEF routing.
Writing XDEF routing logical nets.
Writing XDEF routing special nets.
Write XDEF Complete: Time (s): cpu = 00:00:00.06 ; elapsed = 00:00:00.11 . Memory (MB): peak = 3405.957 ; gain = 0.000 ; free physical = 20517 ; free virtual = 26618
INFO: [Common 17-1381] The checkpoint '/users/btech/rohitv23/assignment3_monday2/assignment3_monday2.runs/impl_1/fms_placed.dcp' has been generated.
INFO: [runtcl-4] Executing : report_io -file fms_io_placed.rpt
report_io: Time (s): cpu = 00:00:00.07 ; elapsed = 00:00:00.11 . Memory (MB): peak = 3405.957 ; gain = 0.000 ; free physical = 20502 ; free virtual = 26602
INFO: [runtcl-4] Executing : report_utilization -file fms_utilization_placed.rpt -pb fms_utilization_placed.pb
INFO: [runtcl-4] Executing : report_control_sets -verbose -file fms_control_sets_placed.rpt
report_control_sets: Time (s): cpu = 00:00:00.03 ; elapsed = 00:00:00.08 . Memory (MB): peak = 3405.957 ; gain = 0.000 ; free physical = 20515 ; free virtual = 26616
Command: phys_opt_design
Attempting to get a license for feature 'Implementation' and/or device 'xc7z020'
INFO: [Common 17-349] Got license for feature 'Implementation' and/or device 'xc7z020'

Starting Initial Update Timing Task

Time (s): cpu = 00:00:00.01 ; elapsed = 00:00:00.01 . Memory (MB): peak = 3405.957 ; gain = 0.000 ; free physical = 20494 ; free virtual = 26594
INFO: [Vivado_Tcl 4-235] No timing constraint found. The netlist was not modified.
INFO: [Common 17-83] Releasing license: Implementation
46 Infos, 1 Warnings, 0 Critical Warnings and 0 Errors encountered.
phys_opt_design completed successfully
Writing XDEF routing.
Writing XDEF routing logical nets.
Writing XDEF routing special nets.
Write XDEF Complete: Time (s): cpu = 00:00:00.04 ; elapsed = 00:00:00.06 . Memory (MB): peak = 3405.957 ; gain = 0.000 ; free physical = 20491 ; free virtual = 26592
INFO: [Common 17-1381] The checkpoint '/users/btech/rohitv23/assignment3_monday2/assignment3_monday2.runs/impl_1/fms_physopt.dcp' has been generated.
Command: route_design
Attempting to get a license for feature 'Implementation' and/or device 'xc7z020'
INFO: [Common 17-349] Got license for feature 'Implementation' and/or device 'xc7z020'
Running DRC as a precondition to command route_design
INFO: [DRC 23-27] Running DRC with 8 threads
INFO: [Vivado_Tcl 4-198] DRC finished with 0 Errors
INFO: [Vivado_Tcl 4-199] Please refer to the DRC report (report_drc) for more information.


Starting Routing Task
INFO: [Route 35-254] Multithreading enabled for route_design using a maximum of 8 CPUs

Phase 1 Build RT Design
Checksum: PlaceDB: 3147c5e9 ConstDB: 0 ShapeSum: a9d423cd RouteDB: 0
Post Restoration Checksum: NetGraph: 89f2363e NumContArr: e3ac6563 Constraints: 0 Timing: 0
Phase 1 Build RT Design | Checksum: 16d9e9ba1

Time (s): cpu = 00:00:12 ; elapsed = 00:00:11 . Memory (MB): peak = 3484.172 ; gain = 38.688 ; free physical = 20373 ; free virtual = 26473

Phase 2 Router Initialization
INFO: [Route 35-64] No timing constraints were detected. The router will operate in resource-optimization mode.

Phase 2.1 Fix Topology Constraints
Phase 2.1 Fix Topology Constraints | Checksum: 16d9e9ba1

Time (s): cpu = 00:00:12 ; elapsed = 00:00:11 . Memory (MB): peak = 3517.172 ; gain = 71.688 ; free physical = 20341 ; free virtual = 26442

Phase 2.2 Pre Route Cleanup
Phase 2.2 Pre Route Cleanup | Checksum: 16d9e9ba1

Time (s): cpu = 00:00:12 ; elapsed = 00:00:11 . Memory (MB): peak = 3517.172 ; gain = 71.688 ; free physical = 20341 ; free virtual = 26442
 Number of Nodes with overlaps = 0

Router Utilization Summary
  Global Vertical Routing Utilization    = 0 %
  Global Horizontal Routing Utilization  = 0 %
  Routable Net Status*
  *Does not include unroutable nets such as driverless and loadless.
  Run report_route_status for detailed report.
  Number of Failed Nets               = 8
    (Failed Nets is the sum of unrouted and partially routed nets)
  Number of Unrouted Nets             = 8
  Number of Partially Routed Nets     = 0
  Number of Node Overlaps             = 0

Phase 2 Router Initialization | Checksum: 1bff94a29

Time (s): cpu = 00:00:13 ; elapsed = 00:00:11 . Memory (MB): peak = 3538.461 ; gain = 92.977 ; free physical = 20328 ; free virtual = 26429

Phase 3 Initial Routing

Phase 3.1 Global Routing
Phase 3.1 Global Routing | Checksum: 1bff94a29

Time (s): cpu = 00:00:13 ; elapsed = 00:00:11 . Memory (MB): peak = 3538.461 ; gain = 92.977 ; free physical = 20330 ; free virtual = 26431
Phase 3 Initial Routing | Checksum: c52d8c40

Time (s): cpu = 00:00:13 ; elapsed = 00:00:11 . Memory (MB): peak = 3538.461 ; gain = 92.977 ; free physical = 20332 ; free virtual = 26433

Phase 4 Rip-up And Reroute

Phase 4.1 Global Iteration 0
 Number of Nodes with overlaps = 0
Phase 4.1 Global Iteration 0 | Checksum: 14373d2a

Time (s): cpu = 00:00:13 ; elapsed = 00:00:11 . Memory (MB): peak = 3538.461 ; gain = 92.977 ; free physical = 20332 ; free virtual = 26433
Phase 4 Rip-up And Reroute | Checksum: 14373d2a

Time (s): cpu = 00:00:13 ; elapsed = 00:00:11 . Memory (MB): peak = 3538.461 ; gain = 92.977 ; free physical = 20332 ; free virtual = 26433

Phase 5 Delay and Skew Optimization
Phase 5 Delay and Skew Optimization | Checksum: 14373d2a

Time (s): cpu = 00:00:13 ; elapsed = 00:00:11 . Memory (MB): peak = 3538.461 ; gain = 92.977 ; free physical = 20332 ; free virtual = 26433

Phase 6 Post Hold Fix

Phase 6.1 Hold Fix Iter
Phase 6.1 Hold Fix Iter | Checksum: 14373d2a

Time (s): cpu = 00:00:13 ; elapsed = 00:00:11 . Memory (MB): peak = 3538.461 ; gain = 92.977 ; free physical = 20332 ; free virtual = 26433
Phase 6 Post Hold Fix | Checksum: 14373d2a

Time (s): cpu = 00:00:13 ; elapsed = 00:00:11 . Memory (MB): peak = 3538.461 ; gain = 92.977 ; free physical = 20332 ; free virtual = 26433

Phase 7 Route finalize

Router Utilization Summary
  Global Vertical Routing Utilization    = 0.000155328 %
  Global Horizontal Routing Utilization  = 0.000676133 %
  Routable Net Status*
  *Does not include unroutable nets such as driverless and loadless.
  Run report_route_status for detailed report.
  Number of Failed Nets               = 0
    (Failed Nets is the sum of unrouted and partially routed nets)
  Number of Unrouted Nets             = 0
  Number of Partially Routed Nets     = 0
  Number of Node Overlaps             = 0

Congestion Report
North Dir 1x1 Area, Max Cong = 0.900901%, No Congested Regions.
South Dir 1x1 Area, Max Cong = 0.900901%, No Congested Regions.
East Dir 1x1 Area, Max Cong = 4.41176%, No Congested Regions.
West Dir 1x1 Area, Max Cong = 1.47059%, No Congested Regions.

------------------------------
Reporting congestion hotspots
------------------------------
Direction: North
----------------
Congested clusters found at Level 0
Effective congestion level: 0 Aspect Ratio: 1 Sparse Ratio: 0
Direction: South
----------------
Congested clusters found at Level 0
Effective congestion level: 0 Aspect Ratio: 1 Sparse Ratio: 0
Direction: East
----------------
Congested clusters found at Level 0
Effective congestion level: 0 Aspect Ratio: 1 Sparse Ratio: 0
Direction: West
----------------
Congested clusters found at Level 0
Effective congestion level: 0 Aspect Ratio: 1 Sparse Ratio: 0

Phase 7 Route finalize | Checksum: 14373d2a

Time (s): cpu = 00:00:13 ; elapsed = 00:00:11 . Memory (MB): peak = 3538.461 ; gain = 92.977 ; free physical = 20332 ; free virtual = 26433

Phase 8 Verifying routed nets

 Verification completed successfully
Phase 8 Verifying routed nets | Checksum: 14373d2a

Time (s): cpu = 00:00:13 ; elapsed = 00:00:11 . Memory (MB): peak = 3538.461 ; gain = 92.977 ; free physical = 20331 ; free virtual = 26432

Phase 9 Depositing Routes
Phase 9 Depositing Routes | Checksum: 93456ef4

Time (s): cpu = 00:00:13 ; elapsed = 00:00:11 . Memory (MB): peak = 3554.469 ; gain = 108.984 ; free physical = 20331 ; free virtual = 26432
INFO: [Route 35-16] Router Completed Successfully

Time (s): cpu = 00:00:13 ; elapsed = 00:00:11 . Memory (MB): peak = 3554.469 ; gain = 108.984 ; free physical = 20369 ; free virtual = 26470

Routing Is Done.
INFO: [Common 17-83] Releasing license: Implementation
55 Infos, 1 Warnings, 0 Critical Warnings and 0 Errors encountered.
route_design completed successfully
route_design: Time (s): cpu = 00:00:14 ; elapsed = 00:00:11 . Memory (MB): peak = 3554.469 ; gain = 148.512 ; free physical = 20369 ; free virtual = 26470
Writing XDEF routing.
Writing XDEF routing logical nets.
Writing XDEF routing special nets.
Write XDEF Complete: Time (s): cpu = 00:00:00.04 ; elapsed = 00:00:00.06 . Memory (MB): peak = 3554.469 ; gain = 0.000 ; free physical = 20366 ; free virtual = 26467
INFO: [Common 17-1381] The checkpoint '/users/btech/rohitv23/assignment3_monday2/assignment3_monday2.runs/impl_1/fms_routed.dcp' has been generated.
INFO: [runtcl-4] Executing : report_drc -file fms_drc_routed.rpt -pb fms_drc_routed.pb -rpx fms_drc_routed.rpx
Command: report_drc -file fms_drc_routed.rpt -pb fms_drc_routed.pb -rpx fms_drc_routed.rpx
INFO: [IP_Flow 19-1839] IP Catalog is up to date.
INFO: [DRC 23-27] Running DRC with 8 threads
INFO: [Vivado_Tcl 2-168] The results of DRC are in file /users/btech/rohitv23/assignment3_monday2/assignment3_monday2.runs/impl_1/fms_drc_routed.rpt.
report_drc completed successfully
INFO: [runtcl-4] Executing : report_methodology -file fms_methodology_drc_routed.rpt -pb fms_methodology_drc_routed.pb -rpx fms_methodology_drc_routed.rpx
Command: report_methodology -file fms_methodology_drc_routed.rpt -pb fms_methodology_drc_routed.pb -rpx fms_methodology_drc_routed.rpx
INFO: [Timing 38-35] Done setting XDC timing constraints.
INFO: [DRC 23-133] Running Methodology with 8 threads
INFO: [Vivado_Tcl 2-1520] The results of Report Methodology are in file /users/btech/rohitv23/assignment3_monday2/assignment3_monday2.runs/impl_1/fms_methodology_drc_routed.rpt.
report_methodology completed successfully
INFO: [runtcl-4] Executing : report_power -file fms_power_routed.rpt -pb fms_power_summary_routed.pb -rpx fms_power_routed.rpx
Command: report_power -file fms_power_routed.rpt -pb fms_power_summary_routed.pb -rpx fms_power_routed.rpx
INFO: [Timing 38-35] Done setting XDC timing constraints.
WARNING: [Power 33-232] No user defined clocks were found in the design! Power estimation will be inaccurate until this is corrected.
Resolution: Please specify clocks using create_clock/create_generated_clock for sequential elements. For pure combinatorial circuits, please specify a virtual clock, otherwise the vectorless estimation might be inaccurate
Running Vector-less Activity Propagation...

Finished Running Vector-less Activity Propagation
66 Infos, 2 Warnings, 0 Critical Warnings and 0 Errors encountered.
report_power completed successfully
INFO: [runtcl-4] Executing : report_route_status -file fms_route_status.rpt -pb fms_route_status.pb
INFO: [runtcl-4] Executing : report_timing_summary -max_paths 10 -report_unconstrained -file fms_timing_summary_routed.rpt -pb fms_timing_summary_routed.pb -rpx fms_timing_summary_routed.rpx -warn_on_violation 
INFO: [Timing 38-91] UpdateTimingParams: Speed grade: -1, Delay Type: min_max.
INFO: [Timing 38-191] Multithreading enabled for timing update using a maximum of 8 CPUs
WARNING: [Timing 38-313] There are no user specified timing constraints. Timing constraints are needed for proper timing analysis.
INFO: [runtcl-4] Executing : report_incremental_reuse -file fms_incremental_reuse_routed.rpt
INFO: [Vivado_Tcl 4-1062] Incremental flow is disabled. No incremental reuse Info to report.
INFO: [runtcl-4] Executing : report_clock_utilization -file fms_clock_utilization_routed.rpt
INFO: [runtcl-4] Executing : report_bus_skew -warn_on_violation -file fms_bus_skew_routed.rpt -pb fms_bus_skew_routed.pb -rpx fms_bus_skew_routed.rpx
INFO: [Timing 38-91] UpdateTimingParams: Speed grade: -1, Delay Type: min_max.
INFO: [Timing 38-191] Multithreading enabled for timing update using a maximum of 8 CPUs
INFO: [Common 17-206] Exiting Vivado at Mon Jan 27 15:35:59 2025...
